2025-08-01 00:00:05,619 - gcsBot - INFO - Logger configurado para o modo: 'OPTIMIZE'. Logs de console a partir do nível INFO.
2025-08-01 00:00:05,735 - gcsBot - INFO - --- 🚮 INICIANDO EXCLUSÃO DA TABELA (MEASUREMENT): features_master_table 🚮 ---
2025-08-01 00:00:05,754 - gcsBot - INFO - ✅ Solicitação de exclusão para 'features_master_table' enviada com sucesso.
2025-08-01 00:00:07,097 - gcsBot - INFO - Logger configurado para o modo: 'OPTIMIZE'. Logs de console a partir do nível INFO.
2025-08-01 00:00:08,269 - gcsBot - INFO - ✅ Cliente Binance inicializado em modo REAL.
2025-08-01 00:00:08,270 - gcsBot - INFO - --- FASE 0: Garantindo a existência e atualização dos dados brutos ---
2025-08-01 00:00:08,272 - gcsBot - INFO - Lendo histórico de BTC de data/input/history/BTCUSDT-1m-data.csv...
2025-08-01 00:00:25,285 - gcsBot - INFO - Buscando novos dados de BTC de 2025-07-31 23:56:00 até 2025-08-01 00:00:00...
2025-08-01 00:00:25,286 - gcsBot - INFO - Baixando dados de velas (OHLCV) para BTCUSDT de 2025-07-31 23:56:00+00:00 até 2025-08-01 00:00:00+00:00...
2025-08-01 00:00:52,779 - gcsBot - INFO - ✅ CSV de histórico do BTC atualizado com 3987361 registros em data/input/history/BTCUSDT-1m-data.csv
2025-08-01 00:00:52,800 - gcsBot - INFO - Escrevendo 5 novos pontos de dados no InfluxDB...
2025-08-01 00:00:52,801 - gcsBot - INFO - Escrevendo 5 registos para 'btc_btcusdt_1m' em 1 lotes...
2025-08-01 00:00:52,975 - gcsBot - INFO - ✅ Escrita para 'btc_btcusdt_1m' concluída com sucesso.
2025-08-01 00:00:52,980 - gcsBot - INFO - --- 🌐 INICIANDO PIPELINE DE DADOS MACRO (LÓGICA HÍBRIDA ROBUSTA) 🌐 ---
2025-08-01 00:00:52,983 - gcsBot - INFO - --- Processando ativo macro: DXY ---
2025-08-01 00:00:53,004 - gcsBot - INFO - Cache local para DXY lido com sucesso. Último registo: 2025-07-31
2025-08-01 00:00:53,005 - gcsBot - INFO - Buscando dados para DXY de 2025-08-01 a 2025-08-01.
2025-08-01 00:00:54,805 - gcsBot - WARNING - Nenhum dado novo retornado pelo yfinance para DXY.
2025-08-01 00:00:54,827 - gcsBot - DEBUG - Cache CSV para DXY salvo/atualizado em data/input/macro/DXY.csv.
2025-08-01 00:00:54,828 - gcsBot - INFO - --- Processando ativo macro: VIX ---
2025-08-01 00:00:54,846 - gcsBot - INFO - Cache local para VIX lido com sucesso. Último registo: 2025-07-31
2025-08-01 00:00:54,846 - gcsBot - INFO - Buscando dados para VIX de 2025-08-01 a 2025-08-01.
2025-08-01 00:00:55,518 - gcsBot - WARNING - Nenhum dado novo retornado pelo yfinance para VIX.
2025-08-01 00:00:55,537 - gcsBot - DEBUG - Cache CSV para VIX salvo/atualizado em data/input/macro/VIX.csv.
2025-08-01 00:00:55,537 - gcsBot - INFO - --- Processando ativo macro: GOLD ---
2025-08-01 00:00:55,555 - gcsBot - INFO - Cache local para GOLD lido com sucesso. Último registo: 2025-07-31
2025-08-01 00:00:55,556 - gcsBot - INFO - Buscando dados para GOLD de 2025-08-01 a 2025-08-01.
2025-08-01 00:00:56,948 - gcsBot - WARNING - Nenhum dado novo retornado pelo yfinance para GOLD.
2025-08-01 00:00:56,966 - gcsBot - DEBUG - Cache CSV para GOLD salvo/atualizado em data/input/macro/GOLD.csv.
2025-08-01 00:00:56,966 - gcsBot - INFO - --- Processando ativo macro: TNX ---
2025-08-01 00:00:56,985 - gcsBot - INFO - Cache local para TNX lido com sucesso. Último registo: 2025-07-31
2025-08-01 00:00:56,986 - gcsBot - INFO - Buscando dados para TNX de 2025-08-01 a 2025-08-01.
2025-08-01 00:00:57,707 - gcsBot - WARNING - Nenhum dado novo retornado pelo yfinance para TNX.
2025-08-01 00:00:57,726 - gcsBot - DEBUG - Cache CSV para TNX salvo/atualizado em data/input/macro/TNX.csv.
2025-08-01 00:00:57,726 - gcsBot - INFO - --- Processando ativo macro: SPX ---
2025-08-01 00:00:57,746 - gcsBot - INFO - Cache local para SPX lido com sucesso. Último registo: 2025-07-31
2025-08-01 00:00:57,746 - gcsBot - INFO - Buscando dados para SPX de 2025-08-01 a 2025-08-01.
2025-08-01 00:00:58,390 - gcsBot - WARNING - Nenhum dado novo retornado pelo yfinance para SPX.
2025-08-01 00:00:58,409 - gcsBot - DEBUG - Cache CSV para SPX salvo/atualizado em data/input/macro/SPX.csv.
2025-08-01 00:00:58,410 - gcsBot - INFO - --- Processando ativo macro: NDX ---
2025-08-01 00:00:58,427 - gcsBot - INFO - Cache local para NDX lido com sucesso. Último registo: 2025-07-31
2025-08-01 00:00:58,428 - gcsBot - INFO - Buscando dados para NDX de 2025-08-01 a 2025-08-01.
2025-08-01 00:00:59,353 - gcsBot - WARNING - Nenhum dado novo retornado pelo yfinance para NDX.
2025-08-01 00:00:59,372 - gcsBot - DEBUG - Cache CSV para NDX salvo/atualizado em data/input/macro/NDX.csv.
2025-08-01 00:00:59,373 - gcsBot - INFO - --- Processando ativo macro: USO ---
2025-08-01 00:00:59,390 - gcsBot - INFO - Cache local para USO lido com sucesso. Último registo: 2025-07-31
2025-08-01 00:00:59,391 - gcsBot - INFO - Buscando dados para USO de 2025-08-01 a 2025-08-01.
2025-08-01 00:01:00,064 - gcsBot - WARNING - Nenhum dado novo retornado pelo yfinance para USO.
2025-08-01 00:01:00,083 - gcsBot - DEBUG - Cache CSV para USO salvo/atualizado em data/input/macro/USO.csv.
2025-08-01 00:01:00,083 - gcsBot - INFO - Combinando todos os dados macro para escrita no banco de dados...
2025-08-01 00:01:00,102 - gcsBot - INFO - ✅ Dados macro já estão sincronizados com o banco de dados.
2025-08-01 00:01:00,103 - gcsBot - INFO - --- ❤️ INICIANDO PIPELINE DE SENTIMENTO (FONTE: ALTERNATIVE.ME) ❤️ ---
2025-08-01 00:01:00,579 - gcsBot - INFO - Escrevendo 1 registos para 'sentiment_fear_and_greed' em 1 lotes...
2025-08-01 00:01:00,880 - gcsBot - INFO - ✅ Escrita para 'sentiment_fear_and_greed' concluída com sucesso.
2025-08-01 00:01:00,881 - gcsBot - INFO - --- FASE 1: Preparando modelos e dependências ---
2025-08-01 00:01:00,882 - gcsBot - INFO - --- 🔄 FASE 2: INICIANDO PROCESSAMENTO DA TABELA MESTRE EM LOTES MENSAIS 🔄 ---
2025-08-01 00:01:00,887 - gcsBot - INFO - Modelo de SituationalAwareness carregado de: data/models/situational_awareness.joblib
2025-08-01 00:01:00,888 - gcsBot - INFO - Processando lote de 2018-01 (Fetch de 2017-11-27 a 2018-02-01)
2025-08-01 00:01:00,888 - gcsBot - DEBUG - Lendo dados de 'btc_btcusdt_1m' de 2017-11-27T00:00:00+00:00 a 2018-02-01T00:00:00+00:00
2025-08-01 00:01:00,899 - gcsBot - WARNING - Dados de BTC insuficientes ou inexistentes (3 linhas) para o período 2018-01. A saltar lote.
2025-08-01 00:01:00,899 - gcsBot - INFO - Processando lote de 2018-02 (Fetch de 2017-12-28 a 2018-03-01)
2025-08-01 00:01:00,900 - gcsBot - DEBUG - Lendo dados de 'btc_btcusdt_1m' de 2017-12-28T00:00:00+00:00 a 2018-03-01T00:00:00+00:00
2025-08-01 00:01:00,911 - gcsBot - WARNING - Dados de BTC insuficientes ou inexistentes (7 linhas) para o período 2018-02. A saltar lote.
2025-08-01 00:01:00,912 - gcsBot - INFO - Processando lote de 2018-03 (Fetch de 2018-01-25 a 2018-04-01)
2025-08-01 00:01:00,912 - gcsBot - DEBUG - Lendo dados de 'btc_btcusdt_1m' de 2018-01-25T00:00:00+00:00 a 2018-04-01T00:00:00+00:00
2025-08-01 00:01:00,924 - gcsBot - WARNING - Dados de BTC insuficientes ou inexistentes (8 linhas) para o período 2018-03. A saltar lote.
2025-08-01 00:01:00,925 - gcsBot - INFO - Processando lote de 2018-04 (Fetch de 2018-02-25 a 2018-05-01)
2025-08-01 00:01:00,925 - gcsBot - DEBUG - Lendo dados de 'btc_btcusdt_1m' de 2018-02-25T00:00:00+00:00 a 2018-05-01T00:00:00+00:00
2025-08-01 00:01:00,936 - gcsBot - WARNING - Dados de BTC insuficientes ou inexistentes (8 linhas) para o período 2018-04. A saltar lote.
2025-08-01 00:01:00,937 - gcsBot - INFO - Processando lote de 2018-05 (Fetch de 2018-03-27 a 2018-06-01)
2025-08-01 00:01:00,938 - gcsBot - DEBUG - Lendo dados de 'btc_btcusdt_1m' de 2018-03-27T00:00:00+00:00 a 2018-06-01T00:00:00+00:00
2025-08-01 00:01:00,949 - gcsBot - WARNING - Dados de BTC insuficientes ou inexistentes (9 linhas) para o período 2018-05. A saltar lote.
2025-08-01 00:01:00,950 - gcsBot - INFO - Processando lote de 2018-06 (Fetch de 2018-04-27 a 2018-07-01)
2025-08-01 00:01:00,950 - gcsBot - DEBUG - Lendo dados de 'btc_btcusdt_1m' de 2018-04-27T00:00:00+00:00 a 2018-07-01T00:00:00+00:00
2025-08-01 00:01:00,964 - gcsBot - WARNING - Dados de BTC insuficientes ou inexistentes (8 linhas) para o período 2018-06. A saltar lote.
2025-08-01 00:01:00,965 - gcsBot - INFO - Processando lote de 2018-07 (Fetch de 2018-05-27 a 2018-08-01)
2025-08-01 00:01:00,965 - gcsBot - DEBUG - Lendo dados de 'btc_btcusdt_1m' de 2018-05-27T00:00:00+00:00 a 2018-08-01T00:00:00+00:00
2025-08-01 00:01:00,978 - gcsBot - WARNING - Dados de BTC insuficientes ou inexistentes (9 linhas) para o período 2018-07. A saltar lote.
2025-08-01 00:01:00,978 - gcsBot - INFO - Processando lote de 2018-08 (Fetch de 2018-06-27 a 2018-09-01)
2025-08-01 00:01:00,979 - gcsBot - DEBUG - Lendo dados de 'btc_btcusdt_1m' de 2018-06-27T00:00:00+00:00 a 2018-09-01T00:00:00+00:00
2025-08-01 00:01:00,990 - gcsBot - WARNING - Dados de BTC insuficientes ou inexistentes (9 linhas) para o período 2018-08. A saltar lote.
2025-08-01 00:01:00,991 - gcsBot - INFO - Processando lote de 2018-09 (Fetch de 2018-07-28 a 2018-10-01)
2025-08-01 00:01:00,991 - gcsBot - DEBUG - Lendo dados de 'btc_btcusdt_1m' de 2018-07-28T00:00:00+00:00 a 2018-10-01T00:00:00+00:00
2025-08-01 00:01:01,003 - gcsBot - WARNING - Dados de BTC insuficientes ou inexistentes (9 linhas) para o período 2018-09. A saltar lote.
2025-08-01 00:01:01,004 - gcsBot - INFO - Processando lote de 2018-10 (Fetch de 2018-08-27 a 2018-11-01)
2025-08-01 00:01:01,004 - gcsBot - DEBUG - Lendo dados de 'btc_btcusdt_1m' de 2018-08-27T00:00:00+00:00 a 2018-11-01T00:00:00+00:00
2025-08-01 00:01:01,016 - gcsBot - WARNING - Dados de BTC insuficientes ou inexistentes (9 linhas) para o período 2018-10. A saltar lote.
2025-08-01 00:01:01,016 - gcsBot - INFO - Processando lote de 2018-11 (Fetch de 2018-09-27 a 2018-12-01)
2025-08-01 00:01:01,017 - gcsBot - DEBUG - Lendo dados de 'btc_btcusdt_1m' de 2018-09-27T00:00:00+00:00 a 2018-12-01T00:00:00+00:00
2025-08-01 00:01:01,029 - gcsBot - WARNING - Dados de BTC insuficientes ou inexistentes (9 linhas) para o período 2018-11. A saltar lote.
2025-08-01 00:01:01,030 - gcsBot - INFO - Processando lote de 2018-12 (Fetch de 2018-10-27 a 2019-01-01)
2025-08-01 00:01:01,030 - gcsBot - DEBUG - Lendo dados de 'btc_btcusdt_1m' de 2018-10-27T00:00:00+00:00 a 2019-01-01T00:00:00+00:00
2025-08-01 00:01:01,042 - gcsBot - WARNING - Dados de BTC insuficientes ou inexistentes (9 linhas) para o período 2018-12. A saltar lote.
2025-08-01 00:01:01,043 - gcsBot - INFO - Processando lote de 2019-01 (Fetch de 2018-11-27 a 2019-02-01)
2025-08-01 00:01:01,043 - gcsBot - DEBUG - Lendo dados de 'btc_btcusdt_1m' de 2018-11-27T00:00:00+00:00 a 2019-02-01T00:00:00+00:00
2025-08-01 00:01:01,055 - gcsBot - WARNING - Dados de BTC insuficientes ou inexistentes (9 linhas) para o período 2019-01. A saltar lote.
2025-08-01 00:01:01,055 - gcsBot - INFO - Processando lote de 2019-02 (Fetch de 2018-12-28 a 2019-03-01)
2025-08-01 00:01:01,056 - gcsBot - DEBUG - Lendo dados de 'btc_btcusdt_1m' de 2018-12-28T00:00:00+00:00 a 2019-03-01T00:00:00+00:00
2025-08-01 00:01:01,067 - gcsBot - WARNING - Dados de BTC insuficientes ou inexistentes (9 linhas) para o período 2019-02. A saltar lote.
2025-08-01 00:01:01,068 - gcsBot - INFO - Processando lote de 2019-03 (Fetch de 2019-01-25 a 2019-04-01)
2025-08-01 00:01:01,069 - gcsBot - DEBUG - Lendo dados de 'btc_btcusdt_1m' de 2019-01-25T00:00:00+00:00 a 2019-04-01T00:00:00+00:00
2025-08-01 00:01:01,080 - gcsBot - WARNING - Dados de BTC insuficientes ou inexistentes (9 linhas) para o período 2019-03. A saltar lote.
2025-08-01 00:01:01,081 - gcsBot - INFO - Processando lote de 2019-04 (Fetch de 2019-02-25 a 2019-05-01)
2025-08-01 00:01:01,081 - gcsBot - DEBUG - Lendo dados de 'btc_btcusdt_1m' de 2019-02-25T00:00:00+00:00 a 2019-05-01T00:00:00+00:00
2025-08-01 00:01:01,093 - gcsBot - WARNING - Dados de BTC insuficientes ou inexistentes (9 linhas) para o período 2019-04. A saltar lote.
2025-08-01 00:01:01,094 - gcsBot - INFO - Processando lote de 2019-05 (Fetch de 2019-03-27 a 2019-06-01)
2025-08-01 00:01:01,094 - gcsBot - DEBUG - Lendo dados de 'btc_btcusdt_1m' de 2019-03-27T00:00:00+00:00 a 2019-06-01T00:00:00+00:00
2025-08-01 00:01:01,106 - gcsBot - WARNING - Dados de BTC insuficientes ou inexistentes (9 linhas) para o período 2019-05. A saltar lote.
2025-08-01 00:01:01,107 - gcsBot - INFO - Processando lote de 2019-06 (Fetch de 2019-04-27 a 2019-07-01)
2025-08-01 00:01:01,107 - gcsBot - DEBUG - Lendo dados de 'btc_btcusdt_1m' de 2019-04-27T00:00:00+00:00 a 2019-07-01T00:00:00+00:00
2025-08-01 00:01:01,119 - gcsBot - WARNING - Dados de BTC insuficientes ou inexistentes (8 linhas) para o período 2019-06. A saltar lote.
2025-08-01 00:01:01,120 - gcsBot - INFO - Processando lote de 2019-07 (Fetch de 2019-05-27 a 2019-08-01)
2025-08-01 00:01:01,120 - gcsBot - DEBUG - Lendo dados de 'btc_btcusdt_1m' de 2019-05-27T00:00:00+00:00 a 2019-08-01T00:00:00+00:00
2025-08-01 00:01:01,131 - gcsBot - WARNING - Dados de BTC insuficientes ou inexistentes (8 linhas) para o período 2019-07. A saltar lote.
2025-08-01 00:01:01,132 - gcsBot - INFO - Processando lote de 2019-08 (Fetch de 2019-06-27 a 2019-09-01)
2025-08-01 00:01:01,132 - gcsBot - DEBUG - Lendo dados de 'btc_btcusdt_1m' de 2019-06-27T00:00:00+00:00 a 2019-09-01T00:00:00+00:00
2025-08-01 00:01:01,144 - gcsBot - WARNING - Dados de BTC insuficientes ou inexistentes (9 linhas) para o período 2019-08. A saltar lote.
2025-08-01 00:01:01,145 - gcsBot - INFO - Processando lote de 2019-09 (Fetch de 2019-07-28 a 2019-10-01)
2025-08-01 00:01:01,145 - gcsBot - DEBUG - Lendo dados de 'btc_btcusdt_1m' de 2019-07-28T00:00:00+00:00 a 2019-10-01T00:00:00+00:00
2025-08-01 00:01:01,157 - gcsBot - WARNING - Dados de BTC insuficientes ou inexistentes (8 linhas) para o período 2019-09. A saltar lote.
2025-08-01 00:01:01,158 - gcsBot - INFO - Processando lote de 2019-10 (Fetch de 2019-08-27 a 2019-11-01)
2025-08-01 00:01:01,158 - gcsBot - DEBUG - Lendo dados de 'btc_btcusdt_1m' de 2019-08-27T00:00:00+00:00 a 2019-11-01T00:00:00+00:00
2025-08-01 00:01:01,169 - gcsBot - WARNING - Dados de BTC insuficientes ou inexistentes (8 linhas) para o período 2019-10. A saltar lote.
2025-08-01 00:01:01,170 - gcsBot - INFO - Processando lote de 2019-11 (Fetch de 2019-09-27 a 2019-12-01)
2025-08-01 00:01:01,170 - gcsBot - DEBUG - Lendo dados de 'btc_btcusdt_1m' de 2019-09-27T00:00:00+00:00 a 2019-12-01T00:00:00+00:00
2025-08-01 00:01:01,182 - gcsBot - WARNING - Dados de BTC insuficientes ou inexistentes (8 linhas) para o período 2019-11. A saltar lote.
2025-08-01 00:01:01,183 - gcsBot - INFO - Processando lote de 2019-12 (Fetch de 2019-10-27 a 2020-01-01)
2025-08-01 00:01:01,183 - gcsBot - DEBUG - Lendo dados de 'btc_btcusdt_1m' de 2019-10-27T00:00:00+00:00 a 2020-01-01T00:00:00+00:00
2025-08-01 00:01:01,195 - gcsBot - WARNING - Dados de BTC insuficientes ou inexistentes (8 linhas) para o período 2019-12. A saltar lote.
2025-08-01 00:01:01,196 - gcsBot - INFO - Processando lote de 2020-01 (Fetch de 2019-11-27 a 2020-02-01)
2025-08-01 00:01:01,196 - gcsBot - DEBUG - Lendo dados de 'btc_btcusdt_1m' de 2019-11-27T00:00:00+00:00 a 2020-02-01T00:00:00+00:00
2025-08-01 00:01:01,207 - gcsBot - WARNING - Dados de BTC insuficientes ou inexistentes (8 linhas) para o período 2020-01. A saltar lote.
2025-08-01 00:01:01,208 - gcsBot - INFO - Processando lote de 2020-02 (Fetch de 2019-12-28 a 2020-03-01)
2025-08-01 00:01:01,208 - gcsBot - DEBUG - Lendo dados de 'btc_btcusdt_1m' de 2019-12-28T00:00:00+00:00 a 2020-03-01T00:00:00+00:00
2025-08-01 00:01:01,220 - gcsBot - WARNING - Dados de BTC insuficientes ou inexistentes (8 linhas) para o período 2020-02. A saltar lote.
2025-08-01 00:01:01,221 - gcsBot - INFO - Processando lote de 2020-03 (Fetch de 2020-01-26 a 2020-04-01)
2025-08-01 00:01:01,221 - gcsBot - DEBUG - Lendo dados de 'btc_btcusdt_1m' de 2020-01-26T00:00:00+00:00 a 2020-04-01T00:00:00+00:00
2025-08-01 00:01:01,233 - gcsBot - WARNING - Dados de BTC insuficientes ou inexistentes (8 linhas) para o período 2020-03. A saltar lote.
2025-08-01 00:01:01,233 - gcsBot - INFO - Processando lote de 2020-04 (Fetch de 2020-02-26 a 2020-05-01)
2025-08-01 00:01:01,234 - gcsBot - DEBUG - Lendo dados de 'btc_btcusdt_1m' de 2020-02-26T00:00:00+00:00 a 2020-05-01T00:00:00+00:00
2025-08-01 00:01:01,245 - gcsBot - WARNING - Dados de BTC insuficientes ou inexistentes (8 linhas) para o período 2020-04. A saltar lote.
2025-08-01 00:01:01,246 - gcsBot - INFO - Processando lote de 2020-05 (Fetch de 2020-03-27 a 2020-06-01)
2025-08-01 00:01:01,246 - gcsBot - DEBUG - Lendo dados de 'btc_btcusdt_1m' de 2020-03-27T00:00:00+00:00 a 2020-06-01T00:00:00+00:00
2025-08-01 00:01:01,258 - gcsBot - WARNING - Dados de BTC insuficientes ou inexistentes (8 linhas) para o período 2020-05. A saltar lote.
2025-08-01 00:01:01,259 - gcsBot - INFO - Processando lote de 2020-06 (Fetch de 2020-04-27 a 2020-07-01)
2025-08-01 00:01:01,259 - gcsBot - DEBUG - Lendo dados de 'btc_btcusdt_1m' de 2020-04-27T00:00:00+00:00 a 2020-07-01T00:00:00+00:00
2025-08-01 00:01:01,271 - gcsBot - WARNING - Dados de BTC insuficientes ou inexistentes (8 linhas) para o período 2020-06. A saltar lote.
2025-08-01 00:01:01,272 - gcsBot - INFO - Processando lote de 2020-07 (Fetch de 2020-05-27 a 2020-08-01)
2025-08-01 00:01:01,272 - gcsBot - DEBUG - Lendo dados de 'btc_btcusdt_1m' de 2020-05-27T00:00:00+00:00 a 2020-08-01T00:00:00+00:00
2025-08-01 00:01:01,283 - gcsBot - WARNING - Dados de BTC insuficientes ou inexistentes (8 linhas) para o período 2020-07. A saltar lote.
2025-08-01 00:01:01,284 - gcsBot - INFO - Processando lote de 2020-08 (Fetch de 2020-06-27 a 2020-09-01)
2025-08-01 00:01:01,284 - gcsBot - DEBUG - Lendo dados de 'btc_btcusdt_1m' de 2020-06-27T00:00:00+00:00 a 2020-09-01T00:00:00+00:00
2025-08-01 00:01:01,295 - gcsBot - WARNING - Dados de BTC insuficientes ou inexistentes (8 linhas) para o período 2020-08. A saltar lote.
2025-08-01 00:01:01,297 - gcsBot - INFO - Processando lote de 2020-09 (Fetch de 2020-07-28 a 2020-10-01)
2025-08-01 00:01:01,297 - gcsBot - DEBUG - Lendo dados de 'btc_btcusdt_1m' de 2020-07-28T00:00:00+00:00 a 2020-10-01T00:00:00+00:00
2025-08-01 00:01:01,308 - gcsBot - WARNING - Dados de BTC insuficientes ou inexistentes (8 linhas) para o período 2020-09. A saltar lote.
2025-08-01 00:01:01,309 - gcsBot - INFO - Processando lote de 2020-10 (Fetch de 2020-08-27 a 2020-11-01)
2025-08-01 00:01:01,310 - gcsBot - DEBUG - Lendo dados de 'btc_btcusdt_1m' de 2020-08-27T00:00:00+00:00 a 2020-11-01T00:00:00+00:00
2025-08-01 00:01:01,321 - gcsBot - WARNING - Dados de BTC insuficientes ou inexistentes (9 linhas) para o período 2020-10. A saltar lote.
2025-08-01 00:01:01,322 - gcsBot - INFO - Processando lote de 2020-11 (Fetch de 2020-09-27 a 2020-12-01)
2025-08-01 00:01:01,322 - gcsBot - DEBUG - Lendo dados de 'btc_btcusdt_1m' de 2020-09-27T00:00:00+00:00 a 2020-12-01T00:00:00+00:00
2025-08-01 00:01:01,334 - gcsBot - WARNING - Dados de BTC insuficientes ou inexistentes (8 linhas) para o período 2020-11. A saltar lote.
2025-08-01 00:01:01,334 - gcsBot - INFO - Processando lote de 2020-12 (Fetch de 2020-10-27 a 2021-01-01)
2025-08-01 00:01:01,335 - gcsBot - DEBUG - Lendo dados de 'btc_btcusdt_1m' de 2020-10-27T00:00:00+00:00 a 2021-01-01T00:00:00+00:00
2025-08-01 00:01:01,346 - gcsBot - WARNING - Dados de BTC insuficientes ou inexistentes (9 linhas) para o período 2020-12. A saltar lote.
2025-08-01 00:01:01,347 - gcsBot - INFO - Processando lote de 2021-01 (Fetch de 2020-11-27 a 2021-02-01)
2025-08-01 00:01:01,347 - gcsBot - DEBUG - Lendo dados de 'btc_btcusdt_1m' de 2020-11-27T00:00:00+00:00 a 2021-02-01T00:00:00+00:00
2025-08-01 00:01:01,358 - gcsBot - WARNING - Dados de BTC insuficientes ou inexistentes (9 linhas) para o período 2021-01. A saltar lote.
2025-08-01 00:01:01,359 - gcsBot - INFO - Processando lote de 2021-02 (Fetch de 2020-12-28 a 2021-03-01)
2025-08-01 00:01:01,360 - gcsBot - DEBUG - Lendo dados de 'btc_btcusdt_1m' de 2020-12-28T00:00:00+00:00 a 2021-03-01T00:00:00+00:00
2025-08-01 00:01:01,371 - gcsBot - WARNING - Dados de BTC insuficientes ou inexistentes (9 linhas) para o período 2021-02. A saltar lote.
2025-08-01 00:01:01,372 - gcsBot - INFO - Processando lote de 2021-03 (Fetch de 2021-01-25 a 2021-04-01)
2025-08-01 00:01:01,372 - gcsBot - DEBUG - Lendo dados de 'btc_btcusdt_1m' de 2021-01-25T00:00:00+00:00 a 2021-04-01T00:00:00+00:00
2025-08-01 00:01:01,383 - gcsBot - WARNING - Dados de BTC insuficientes ou inexistentes (9 linhas) para o período 2021-03. A saltar lote.
2025-08-01 00:01:01,384 - gcsBot - INFO - Processando lote de 2021-04 (Fetch de 2021-02-25 a 2021-05-01)
2025-08-01 00:01:01,384 - gcsBot - DEBUG - Lendo dados de 'btc_btcusdt_1m' de 2021-02-25T00:00:00+00:00 a 2021-05-01T00:00:00+00:00
2025-08-01 00:01:01,395 - gcsBot - WARNING - Dados de BTC insuficientes ou inexistentes (9 linhas) para o período 2021-04. A saltar lote.
2025-08-01 00:01:01,396 - gcsBot - INFO - Processando lote de 2021-05 (Fetch de 2021-03-27 a 2021-06-01)
2025-08-01 00:01:01,397 - gcsBot - DEBUG - Lendo dados de 'btc_btcusdt_1m' de 2021-03-27T00:00:00+00:00 a 2021-06-01T00:00:00+00:00
2025-08-01 00:01:01,408 - gcsBot - WARNING - Dados de BTC insuficientes ou inexistentes (9 linhas) para o período 2021-05. A saltar lote.
2025-08-01 00:01:01,409 - gcsBot - INFO - Processando lote de 2021-06 (Fetch de 2021-04-27 a 2021-07-01)
2025-08-01 00:01:01,410 - gcsBot - DEBUG - Lendo dados de 'btc_btcusdt_1m' de 2021-04-27T00:00:00+00:00 a 2021-07-01T00:00:00+00:00
2025-08-01 00:01:01,421 - gcsBot - WARNING - Dados de BTC insuficientes ou inexistentes (9 linhas) para o período 2021-06. A saltar lote.
2025-08-01 00:01:01,422 - gcsBot - INFO - Processando lote de 2021-07 (Fetch de 2021-05-27 a 2021-08-01)
2025-08-01 00:01:01,422 - gcsBot - DEBUG - Lendo dados de 'btc_btcusdt_1m' de 2021-05-27T00:00:00+00:00 a 2021-08-01T00:00:00+00:00
2025-08-01 00:01:01,433 - gcsBot - WARNING - Dados de BTC insuficientes ou inexistentes (9 linhas) para o período 2021-07. A saltar lote.
2025-08-01 00:01:01,434 - gcsBot - INFO - Processando lote de 2021-08 (Fetch de 2021-06-27 a 2021-09-01)
2025-08-01 00:01:01,434 - gcsBot - DEBUG - Lendo dados de 'btc_btcusdt_1m' de 2021-06-27T00:00:00+00:00 a 2021-09-01T00:00:00+00:00
2025-08-01 00:01:01,446 - gcsBot - WARNING - Dados de BTC insuficientes ou inexistentes (9 linhas) para o período 2021-08. A saltar lote.
2025-08-01 00:01:01,447 - gcsBot - INFO - Processando lote de 2021-09 (Fetch de 2021-07-28 a 2021-10-01)
2025-08-01 00:01:01,447 - gcsBot - DEBUG - Lendo dados de 'btc_btcusdt_1m' de 2021-07-28T00:00:00+00:00 a 2021-10-01T00:00:00+00:00
2025-08-01 00:01:01,459 - gcsBot - WARNING - Dados de BTC insuficientes ou inexistentes (9 linhas) para o período 2021-09. A saltar lote.
2025-08-01 00:01:01,459 - gcsBot - INFO - Processando lote de 2021-10 (Fetch de 2021-08-27 a 2021-11-01)
2025-08-01 00:01:01,460 - gcsBot - DEBUG - Lendo dados de 'btc_btcusdt_1m' de 2021-08-27T00:00:00+00:00 a 2021-11-01T00:00:00+00:00
2025-08-01 00:01:01,471 - gcsBot - WARNING - Dados de BTC insuficientes ou inexistentes (9 linhas) para o período 2021-10. A saltar lote.
2025-08-01 00:01:01,471 - gcsBot - INFO - Processando lote de 2021-11 (Fetch de 2021-09-27 a 2021-12-01)
2025-08-01 00:01:01,472 - gcsBot - DEBUG - Lendo dados de 'btc_btcusdt_1m' de 2021-09-27T00:00:00+00:00 a 2021-12-01T00:00:00+00:00
2025-08-01 00:01:01,483 - gcsBot - WARNING - Dados de BTC insuficientes ou inexistentes (8 linhas) para o período 2021-11. A saltar lote.
2025-08-01 00:01:01,484 - gcsBot - INFO - Processando lote de 2021-12 (Fetch de 2021-10-27 a 2022-01-01)
2025-08-01 00:01:01,484 - gcsBot - DEBUG - Lendo dados de 'btc_btcusdt_1m' de 2021-10-27T00:00:00+00:00 a 2022-01-01T00:00:00+00:00
2025-08-01 00:01:01,495 - gcsBot - WARNING - Dados de BTC insuficientes ou inexistentes (9 linhas) para o período 2021-12. A saltar lote.
2025-08-01 00:01:01,496 - gcsBot - INFO - Processando lote de 2022-01 (Fetch de 2021-11-27 a 2022-02-01)
2025-08-01 00:01:01,497 - gcsBot - DEBUG - Lendo dados de 'btc_btcusdt_1m' de 2021-11-27T00:00:00+00:00 a 2022-02-01T00:00:00+00:00
2025-08-01 00:01:01,508 - gcsBot - WARNING - Dados de BTC insuficientes ou inexistentes (9 linhas) para o período 2022-01. A saltar lote.
2025-08-01 00:01:01,509 - gcsBot - INFO - Processando lote de 2022-02 (Fetch de 2021-12-28 a 2022-03-01)
2025-08-01 00:01:01,509 - gcsBot - DEBUG - Lendo dados de 'btc_btcusdt_1m' de 2021-12-28T00:00:00+00:00 a 2022-03-01T00:00:00+00:00
2025-08-01 00:01:01,520 - gcsBot - WARNING - Dados de BTC insuficientes ou inexistentes (8 linhas) para o período 2022-02. A saltar lote.
2025-08-01 00:01:01,521 - gcsBot - INFO - Processando lote de 2022-03 (Fetch de 2022-01-25 a 2022-04-01)
2025-08-01 00:01:01,522 - gcsBot - DEBUG - Lendo dados de 'btc_btcusdt_1m' de 2022-01-25T00:00:00+00:00 a 2022-04-01T00:00:00+00:00
2025-08-01 00:01:01,533 - gcsBot - WARNING - Dados de BTC insuficientes ou inexistentes (8 linhas) para o período 2022-03. A saltar lote.
2025-08-01 00:01:01,534 - gcsBot - INFO - Processando lote de 2022-04 (Fetch de 2022-02-25 a 2022-05-01)
2025-08-01 00:01:01,534 - gcsBot - DEBUG - Lendo dados de 'btc_btcusdt_1m' de 2022-02-25T00:00:00+00:00 a 2022-05-01T00:00:00+00:00
2025-08-01 00:01:01,546 - gcsBot - WARNING - Dados de BTC insuficientes ou inexistentes (8 linhas) para o período 2022-04. A saltar lote.
2025-08-01 00:01:01,546 - gcsBot - INFO - Processando lote de 2022-05 (Fetch de 2022-03-27 a 2022-06-01)
2025-08-01 00:01:01,547 - gcsBot - DEBUG - Lendo dados de 'btc_btcusdt_1m' de 2022-03-27T00:00:00+00:00 a 2022-06-01T00:00:00+00:00
2025-08-01 00:01:01,558 - gcsBot - WARNING - Dados de BTC insuficientes ou inexistentes (8 linhas) para o período 2022-05. A saltar lote.
2025-08-01 00:01:01,559 - gcsBot - INFO - Processando lote de 2022-06 (Fetch de 2022-04-27 a 2022-07-01)
2025-08-01 00:01:01,559 - gcsBot - DEBUG - Lendo dados de 'btc_btcusdt_1m' de 2022-04-27T00:00:00+00:00 a 2022-07-01T00:00:00+00:00
2025-08-01 00:01:01,571 - gcsBot - WARNING - Dados de BTC insuficientes ou inexistentes (8 linhas) para o período 2022-06. A saltar lote.
2025-08-01 00:01:01,571 - gcsBot - INFO - Processando lote de 2022-07 (Fetch de 2022-05-27 a 2022-08-01)
2025-08-01 00:01:01,572 - gcsBot - DEBUG - Lendo dados de 'btc_btcusdt_1m' de 2022-05-27T00:00:00+00:00 a 2022-08-01T00:00:00+00:00
2025-08-01 00:01:01,583 - gcsBot - WARNING - Dados de BTC insuficientes ou inexistentes (8 linhas) para o período 2022-07. A saltar lote.
2025-08-01 00:01:01,584 - gcsBot - INFO - Processando lote de 2022-08 (Fetch de 2022-06-27 a 2022-09-01)
2025-08-01 00:01:01,585 - gcsBot - DEBUG - Lendo dados de 'btc_btcusdt_1m' de 2022-06-27T00:00:00+00:00 a 2022-09-01T00:00:00+00:00
2025-08-01 00:01:01,596 - gcsBot - WARNING - Dados de BTC insuficientes ou inexistentes (8 linhas) para o período 2022-08. A saltar lote.
2025-08-01 00:01:01,597 - gcsBot - INFO - Processando lote de 2022-09 (Fetch de 2022-07-28 a 2022-10-01)
2025-08-01 00:01:01,597 - gcsBot - DEBUG - Lendo dados de 'btc_btcusdt_1m' de 2022-07-28T00:00:00+00:00 a 2022-10-01T00:00:00+00:00
2025-08-01 00:01:01,608 - gcsBot - WARNING - Dados de BTC insuficientes ou inexistentes (8 linhas) para o período 2022-09. A saltar lote.
2025-08-01 00:01:01,609 - gcsBot - INFO - Processando lote de 2022-10 (Fetch de 2022-08-27 a 2022-11-01)
2025-08-01 00:01:01,610 - gcsBot - DEBUG - Lendo dados de 'btc_btcusdt_1m' de 2022-08-27T00:00:00+00:00 a 2022-11-01T00:00:00+00:00
2025-08-01 00:01:01,621 - gcsBot - WARNING - Dados de BTC insuficientes ou inexistentes (9 linhas) para o período 2022-10. A saltar lote.
2025-08-01 00:01:01,622 - gcsBot - INFO - Processando lote de 2022-11 (Fetch de 2022-09-27 a 2022-12-01)
2025-08-01 00:01:01,622 - gcsBot - DEBUG - Lendo dados de 'btc_btcusdt_1m' de 2022-09-27T00:00:00+00:00 a 2022-12-01T00:00:00+00:00
2025-08-01 00:01:01,634 - gcsBot - WARNING - Dados de BTC insuficientes ou inexistentes (8 linhas) para o período 2022-11. A saltar lote.
2025-08-01 00:01:01,635 - gcsBot - INFO - Processando lote de 2022-12 (Fetch de 2022-10-27 a 2023-01-01)
2025-08-01 00:01:01,635 - gcsBot - DEBUG - Lendo dados de 'btc_btcusdt_1m' de 2022-10-27T00:00:00+00:00 a 2023-01-01T00:00:00+00:00
2025-08-01 00:01:01,647 - gcsBot - WARNING - Dados de BTC insuficientes ou inexistentes (9 linhas) para o período 2022-12. A saltar lote.
2025-08-01 00:01:01,647 - gcsBot - INFO - Processando lote de 2023-01 (Fetch de 2022-11-27 a 2023-02-01)
2025-08-01 00:01:01,648 - gcsBot - DEBUG - Lendo dados de 'btc_btcusdt_1m' de 2022-11-27T00:00:00+00:00 a 2023-02-01T00:00:00+00:00
2025-08-01 00:01:01,659 - gcsBot - WARNING - Dados de BTC insuficientes ou inexistentes (9 linhas) para o período 2023-01. A saltar lote.
2025-08-01 00:01:01,660 - gcsBot - INFO - Processando lote de 2023-02 (Fetch de 2022-12-28 a 2023-03-01)
2025-08-01 00:01:01,660 - gcsBot - DEBUG - Lendo dados de 'btc_btcusdt_1m' de 2022-12-28T00:00:00+00:00 a 2023-03-01T00:00:00+00:00
2025-08-01 00:01:01,672 - gcsBot - WARNING - Dados de BTC insuficientes ou inexistentes (9 linhas) para o período 2023-02. A saltar lote.
2025-08-01 00:01:01,673 - gcsBot - INFO - Processando lote de 2023-03 (Fetch de 2023-01-25 a 2023-04-01)
2025-08-01 00:01:01,673 - gcsBot - DEBUG - Lendo dados de 'btc_btcusdt_1m' de 2023-01-25T00:00:00+00:00 a 2023-04-01T00:00:00+00:00
2025-08-01 00:01:01,685 - gcsBot - WARNING - Dados de BTC insuficientes ou inexistentes (9 linhas) para o período 2023-03. A saltar lote.
2025-08-01 00:01:01,686 - gcsBot - INFO - Processando lote de 2023-04 (Fetch de 2023-02-25 a 2023-05-01)
2025-08-01 00:01:01,686 - gcsBot - DEBUG - Lendo dados de 'btc_btcusdt_1m' de 2023-02-25T00:00:00+00:00 a 2023-05-01T00:00:00+00:00
2025-08-01 00:01:01,698 - gcsBot - WARNING - Dados de BTC insuficientes ou inexistentes (9 linhas) para o período 2023-04. A saltar lote.
2025-08-01 00:01:01,698 - gcsBot - INFO - Processando lote de 2023-05 (Fetch de 2023-03-27 a 2023-06-01)
2025-08-01 00:01:01,699 - gcsBot - DEBUG - Lendo dados de 'btc_btcusdt_1m' de 2023-03-27T00:00:00+00:00 a 2023-06-01T00:00:00+00:00
2025-08-01 00:01:01,711 - gcsBot - WARNING - Dados de BTC insuficientes ou inexistentes (9 linhas) para o período 2023-05. A saltar lote.
2025-08-01 00:01:01,711 - gcsBot - INFO - Processando lote de 2023-06 (Fetch de 2023-04-27 a 2023-07-01)
2025-08-01 00:01:01,712 - gcsBot - DEBUG - Lendo dados de 'btc_btcusdt_1m' de 2023-04-27T00:00:00+00:00 a 2023-07-01T00:00:00+00:00
2025-08-01 00:01:01,723 - gcsBot - WARNING - Dados de BTC insuficientes ou inexistentes (9 linhas) para o período 2023-06. A saltar lote.
2025-08-01 00:01:01,724 - gcsBot - INFO - Processando lote de 2023-07 (Fetch de 2023-05-27 a 2023-08-01)
2025-08-01 00:01:01,724 - gcsBot - DEBUG - Lendo dados de 'btc_btcusdt_1m' de 2023-05-27T00:00:00+00:00 a 2023-08-01T00:00:00+00:00
2025-08-01 00:01:01,738 - gcsBot - WARNING - Dados de BTC insuficientes ou inexistentes (9 linhas) para o período 2023-07. A saltar lote.
2025-08-01 00:01:01,738 - gcsBot - INFO - Processando lote de 2023-08 (Fetch de 2023-06-27 a 2023-09-01)
2025-08-01 00:01:01,739 - gcsBot - DEBUG - Lendo dados de 'btc_btcusdt_1m' de 2023-06-27T00:00:00+00:00 a 2023-09-01T00:00:00+00:00
2025-08-01 00:01:01,752 - gcsBot - WARNING - Dados de BTC insuficientes ou inexistentes (9 linhas) para o período 2023-08. A saltar lote.
2025-08-01 00:01:01,753 - gcsBot - INFO - Processando lote de 2023-09 (Fetch de 2023-07-28 a 2023-10-01)
2025-08-01 00:01:01,753 - gcsBot - DEBUG - Lendo dados de 'btc_btcusdt_1m' de 2023-07-28T00:00:00+00:00 a 2023-10-01T00:00:00+00:00
2025-08-01 00:01:01,766 - gcsBot - WARNING - Dados de BTC insuficientes ou inexistentes (9 linhas) para o período 2023-09. A saltar lote.
2025-08-01 00:01:01,767 - gcsBot - INFO - Processando lote de 2023-10 (Fetch de 2023-08-27 a 2023-11-01)
2025-08-01 00:01:01,767 - gcsBot - DEBUG - Lendo dados de 'btc_btcusdt_1m' de 2023-08-27T00:00:00+00:00 a 2023-11-01T00:00:00+00:00
2025-08-01 00:01:01,779 - gcsBot - WARNING - Dados de BTC insuficientes ou inexistentes (9 linhas) para o período 2023-10. A saltar lote.
2025-08-01 00:01:01,780 - gcsBot - INFO - Processando lote de 2023-11 (Fetch de 2023-09-27 a 2023-12-01)
2025-08-01 00:01:01,780 - gcsBot - DEBUG - Lendo dados de 'btc_btcusdt_1m' de 2023-09-27T00:00:00+00:00 a 2023-12-01T00:00:00+00:00
2025-08-01 00:01:01,796 - gcsBot - WARNING - Dados de BTC insuficientes ou inexistentes (8 linhas) para o período 2023-11. A saltar lote.
2025-08-01 00:01:01,796 - gcsBot - INFO - Processando lote de 2023-12 (Fetch de 2023-10-27 a 2024-01-01)
2025-08-01 00:01:01,797 - gcsBot - DEBUG - Lendo dados de 'btc_btcusdt_1m' de 2023-10-27T00:00:00+00:00 a 2024-01-01T00:00:00+00:00
2025-08-01 00:01:01,809 - gcsBot - WARNING - Dados de BTC insuficientes ou inexistentes (8 linhas) para o período 2023-12. A saltar lote.
2025-08-01 00:01:01,810 - gcsBot - INFO - Processando lote de 2024-01 (Fetch de 2023-11-27 a 2024-02-01)
2025-08-01 00:01:01,811 - gcsBot - DEBUG - Lendo dados de 'btc_btcusdt_1m' de 2023-11-27T00:00:00+00:00 a 2024-02-01T00:00:00+00:00
2025-08-01 00:01:01,823 - gcsBot - WARNING - Dados de BTC insuficientes ou inexistentes (9 linhas) para o período 2024-01. A saltar lote.
2025-08-01 00:01:01,824 - gcsBot - INFO - Processando lote de 2024-02 (Fetch de 2023-12-28 a 2024-03-01)
2025-08-01 00:01:01,824 - gcsBot - DEBUG - Lendo dados de 'btc_btcusdt_1m' de 2023-12-28T00:00:00+00:00 a 2024-03-01T00:00:00+00:00
2025-08-01 00:01:01,837 - gcsBot - WARNING - Dados de BTC insuficientes ou inexistentes (8 linhas) para o período 2024-02. A saltar lote.
2025-08-01 00:01:01,838 - gcsBot - INFO - Processando lote de 2024-03 (Fetch de 2024-01-26 a 2024-04-01)
2025-08-01 00:01:01,838 - gcsBot - DEBUG - Lendo dados de 'btc_btcusdt_1m' de 2024-01-26T00:00:00+00:00 a 2024-04-01T00:00:00+00:00
2025-08-01 00:01:01,850 - gcsBot - WARNING - Dados de BTC insuficientes ou inexistentes (8 linhas) para o período 2024-03. A saltar lote.
2025-08-01 00:01:01,851 - gcsBot - INFO - Processando lote de 2024-04 (Fetch de 2024-02-26 a 2024-05-01)
2025-08-01 00:01:01,851 - gcsBot - DEBUG - Lendo dados de 'btc_btcusdt_1m' de 2024-02-26T00:00:00+00:00 a 2024-05-01T00:00:00+00:00
2025-08-01 00:01:01,866 - gcsBot - WARNING - Dados de BTC insuficientes ou inexistentes (8 linhas) para o período 2024-04. A saltar lote.
2025-08-01 00:01:01,866 - gcsBot - INFO - Processando lote de 2024-05 (Fetch de 2024-03-27 a 2024-06-01)
2025-08-01 00:01:01,867 - gcsBot - DEBUG - Lendo dados de 'btc_btcusdt_1m' de 2024-03-27T00:00:00+00:00 a 2024-06-01T00:00:00+00:00
2025-08-01 00:01:01,880 - gcsBot - WARNING - Dados de BTC insuficientes ou inexistentes (8 linhas) para o período 2024-05. A saltar lote.
2025-08-01 00:01:01,881 - gcsBot - INFO - Processando lote de 2024-06 (Fetch de 2024-04-27 a 2024-07-01)
2025-08-01 00:01:01,881 - gcsBot - DEBUG - Lendo dados de 'btc_btcusdt_1m' de 2024-04-27T00:00:00+00:00 a 2024-07-01T00:00:00+00:00
2025-08-01 00:01:01,895 - gcsBot - WARNING - Dados de BTC insuficientes ou inexistentes (8 linhas) para o período 2024-06. A saltar lote.
2025-08-01 00:01:01,896 - gcsBot - INFO - Processando lote de 2024-07 (Fetch de 2024-05-27 a 2024-08-01)
2025-08-01 00:01:01,896 - gcsBot - DEBUG - Lendo dados de 'btc_btcusdt_1m' de 2024-05-27T00:00:00+00:00 a 2024-08-01T00:00:00+00:00
2025-08-01 00:01:01,909 - gcsBot - WARNING - Dados de BTC insuficientes ou inexistentes (8 linhas) para o período 2024-07. A saltar lote.
2025-08-01 00:01:01,910 - gcsBot - INFO - Processando lote de 2024-08 (Fetch de 2024-06-27 a 2024-09-01)
2025-08-01 00:01:01,910 - gcsBot - DEBUG - Lendo dados de 'btc_btcusdt_1m' de 2024-06-27T00:00:00+00:00 a 2024-09-01T00:00:00+00:00
2025-08-01 00:01:01,922 - gcsBot - WARNING - Dados de BTC insuficientes ou inexistentes (8 linhas) para o período 2024-08. A saltar lote.
2025-08-01 00:01:01,923 - gcsBot - INFO - Processando lote de 2024-09 (Fetch de 2024-07-28 a 2024-10-01)
2025-08-01 00:01:01,923 - gcsBot - DEBUG - Lendo dados de 'btc_btcusdt_1m' de 2024-07-28T00:00:00+00:00 a 2024-10-01T00:00:00+00:00
2025-08-01 00:01:01,936 - gcsBot - WARNING - Dados de BTC insuficientes ou inexistentes (8 linhas) para o período 2024-09. A saltar lote.
2025-08-01 00:01:01,936 - gcsBot - INFO - Processando lote de 2024-10 (Fetch de 2024-08-27 a 2024-11-01)
2025-08-01 00:01:01,936 - gcsBot - DEBUG - Lendo dados de 'btc_btcusdt_1m' de 2024-08-27T00:00:00+00:00 a 2024-11-01T00:00:00+00:00
2025-08-01 00:01:01,949 - gcsBot - WARNING - Dados de BTC insuficientes ou inexistentes (8 linhas) para o período 2024-10. A saltar lote.
2025-08-01 00:01:01,950 - gcsBot - INFO - Processando lote de 2024-11 (Fetch de 2024-09-27 a 2024-12-01)
2025-08-01 00:01:01,950 - gcsBot - DEBUG - Lendo dados de 'btc_btcusdt_1m' de 2024-09-27T00:00:00+00:00 a 2024-12-01T00:00:00+00:00
2025-08-01 00:01:01,962 - gcsBot - WARNING - Dados de BTC insuficientes ou inexistentes (8 linhas) para o período 2024-11. A saltar lote.
2025-08-01 00:01:01,963 - gcsBot - INFO - Processando lote de 2024-12 (Fetch de 2024-10-27 a 2025-01-01)
2025-08-01 00:01:01,963 - gcsBot - DEBUG - Lendo dados de 'btc_btcusdt_1m' de 2024-10-27T00:00:00+00:00 a 2025-01-01T00:00:00+00:00
2025-08-01 00:01:01,976 - gcsBot - WARNING - Dados de BTC insuficientes ou inexistentes (8 linhas) para o período 2024-12. A saltar lote.
2025-08-01 00:01:01,976 - gcsBot - INFO - Processando lote de 2025-01 (Fetch de 2024-11-27 a 2025-02-01)
2025-08-01 00:01:01,977 - gcsBot - DEBUG - Lendo dados de 'btc_btcusdt_1m' de 2024-11-27T00:00:00+00:00 a 2025-02-01T00:00:00+00:00
2025-08-01 00:01:01,989 - gcsBot - WARNING - Dados de BTC insuficientes ou inexistentes (8 linhas) para o período 2025-01. A saltar lote.
2025-08-01 00:01:01,990 - gcsBot - INFO - Processando lote de 2025-02 (Fetch de 2024-12-28 a 2025-03-01)
2025-08-01 00:01:01,990 - gcsBot - DEBUG - Lendo dados de 'btc_btcusdt_1m' de 2024-12-28T00:00:00+00:00 a 2025-03-01T00:00:00+00:00
2025-08-01 00:01:02,002 - gcsBot - WARNING - Dados de BTC insuficientes ou inexistentes (8 linhas) para o período 2025-02. A saltar lote.
2025-08-01 00:01:02,003 - gcsBot - INFO - Processando lote de 2025-03 (Fetch de 2025-01-25 a 2025-04-01)
2025-08-01 00:01:02,003 - gcsBot - DEBUG - Lendo dados de 'btc_btcusdt_1m' de 2025-01-25T00:00:00+00:00 a 2025-04-01T00:00:00+00:00
2025-08-01 00:01:02,015 - gcsBot - WARNING - Dados de BTC insuficientes ou inexistentes (9 linhas) para o período 2025-03. A saltar lote.
2025-08-01 00:01:02,016 - gcsBot - INFO - Processando lote de 2025-04 (Fetch de 2025-02-25 a 2025-05-01)
2025-08-01 00:01:02,016 - gcsBot - DEBUG - Lendo dados de 'btc_btcusdt_1m' de 2025-02-25T00:00:00+00:00 a 2025-05-01T00:00:00+00:00
2025-08-01 00:01:02,029 - gcsBot - WARNING - Dados de BTC insuficientes ou inexistentes (9 linhas) para o período 2025-04. A saltar lote.
2025-08-01 00:01:02,029 - gcsBot - INFO - Processando lote de 2025-05 (Fetch de 2025-03-27 a 2025-06-01)
2025-08-01 00:01:02,030 - gcsBot - DEBUG - Lendo dados de 'btc_btcusdt_1m' de 2025-03-27T00:00:00+00:00 a 2025-06-01T00:00:00+00:00
2025-08-01 00:01:02,042 - gcsBot - WARNING - Dados de BTC insuficientes ou inexistentes (9 linhas) para o período 2025-05. A saltar lote.
2025-08-01 00:01:02,042 - gcsBot - INFO - Processando lote de 2025-06 (Fetch de 2025-04-27 a 2025-07-01)
2025-08-01 00:01:02,043 - gcsBot - DEBUG - Lendo dados de 'btc_btcusdt_1m' de 2025-04-27T00:00:00+00:00 a 2025-07-01T00:00:00+00:00
2025-08-01 00:01:02,055 - gcsBot - WARNING - Dados de BTC insuficientes ou inexistentes (9 linhas) para o período 2025-06. A saltar lote.
2025-08-01 00:01:02,056 - gcsBot - INFO - Processando lote de 2025-07 (Fetch de 2025-05-27 a 2025-08-01)
2025-08-01 00:01:02,056 - gcsBot - DEBUG - Lendo dados de 'btc_btcusdt_1m' de 2025-05-27T00:00:00+00:00 a 2025-08-01T00:00:00+00:00
2025-08-01 00:01:02,093 - gcsBot - WARNING - Dados de BTC insuficientes ou inexistentes (1776 linhas) para o período 2025-07. A saltar lote.
2025-08-01 00:01:02,094 - gcsBot - INFO - Processando lote de 2025-08 (Fetch de 2025-06-27 a 2025-09-01)
2025-08-01 00:01:02,094 - gcsBot - DEBUG - Lendo dados de 'btc_btcusdt_1m' de 2025-06-27T00:00:00+00:00 a 2025-09-01T00:00:00+00:00
2025-08-01 00:01:02,130 - gcsBot - WARNING - Dados de BTC insuficientes ou inexistentes (1773 linhas) para o período 2025-08. A saltar lote.
2025-08-01 00:01:02,130 - gcsBot - INFO - 🎉🎉🎉 PIPELINE INDUSTRIAL CONCLUÍDO! A FONTE DA VERDADE ESTÁ PRONTA. 🎉🎉🎉
2025-08-01 00:09:24,898 - gcsBot - INFO - Logger configurado para o modo: 'OPTIMIZE'. Logs de console a partir do nível INFO.
2025-08-01 00:09:25,049 - gcsBot - INFO - --- 🚮 INICIANDO EXCLUSÃO DA TABELA (MEASUREMENT): features_master_table 🚮 ---
2025-08-01 00:09:38,044 - gcsBot - INFO - ✅ Solicitação de exclusão para 'features_master_table' enviada com sucesso.
2025-08-01 00:09:39,300 - gcsBot - INFO - Logger configurado para o modo: 'OPTIMIZE'. Logs de console a partir do nível INFO.
2025-08-01 00:09:40,502 - gcsBot - INFO - ✅ Cliente Binance inicializado em modo REAL.
2025-08-01 00:09:40,503 - gcsBot - INFO - --- FASE 0: Garantindo a existência e atualização dos dados brutos ---
2025-08-01 00:09:40,505 - gcsBot - INFO - Lendo histórico de BTC de data/input/history/BTCUSDT-1m-data.csv...
2025-08-01 00:09:57,950 - gcsBot - INFO - Buscando novos dados de BTC de 2025-08-01 00:01:00 até 2025-08-01 00:09:00...
2025-08-01 00:09:57,951 - gcsBot - INFO - Baixando dados de velas (OHLCV) para BTCUSDT de 2025-08-01 00:01:00+00:00 até 2025-08-01 00:09:00+00:00...
2025-08-01 00:10:25,678 - gcsBot - INFO - ✅ CSV de histórico do BTC atualizado com 3987370 registros em data/input/history/BTCUSDT-1m-data.csv
2025-08-01 00:10:25,697 - gcsBot - INFO - Escrevendo 1776 novos pontos de dados no InfluxDB...
2025-08-01 00:10:25,698 - gcsBot - INFO - Escrevendo 1776 registos para 'btc_btcusdt_1m' em 2 lotes...
2025-08-01 00:10:26,063 - gcsBot - INFO - ✅ Escrita para 'btc_btcusdt_1m' concluída com sucesso.
2025-08-01 00:10:26,066 - gcsBot - INFO - --- 🌐 INICIANDO PIPELINE DE DADOS MACRO (LÓGICA HÍBRIDA ROBUSTA) 🌐 ---
2025-08-01 00:10:26,070 - gcsBot - INFO - --- Processando ativo macro: DXY ---
2025-08-01 00:10:26,079 - gcsBot - INFO - Cache local para DXY lido com sucesso. Último registo: 2025-07-31
2025-08-01 00:10:26,079 - gcsBot - INFO - Buscando dados para DXY de 2025-08-01 a 2025-08-01.
2025-08-01 00:10:27,444 - gcsBot - WARNING - Nenhum dado novo retornado pelo yfinance para DXY.
2025-08-01 00:10:27,464 - gcsBot - DEBUG - Cache CSV para DXY salvo/atualizado em data/input/macro/DXY.csv.
2025-08-01 00:10:27,464 - gcsBot - INFO - --- Processando ativo macro: VIX ---
2025-08-01 00:10:27,474 - gcsBot - INFO - Cache local para VIX lido com sucesso. Último registo: 2025-07-31
2025-08-01 00:10:27,475 - gcsBot - INFO - Buscando dados para VIX de 2025-08-01 a 2025-08-01.
2025-08-01 00:10:28,183 - gcsBot - WARNING - Nenhum dado novo retornado pelo yfinance para VIX.
2025-08-01 00:10:28,202 - gcsBot - DEBUG - Cache CSV para VIX salvo/atualizado em data/input/macro/VIX.csv.
2025-08-01 00:10:28,202 - gcsBot - INFO - --- Processando ativo macro: GOLD ---
2025-08-01 00:10:28,212 - gcsBot - INFO - Cache local para GOLD lido com sucesso. Último registo: 2025-07-31
2025-08-01 00:10:28,213 - gcsBot - INFO - Buscando dados para GOLD de 2025-08-01 a 2025-08-01.
2025-08-01 00:10:28,853 - gcsBot - WARNING - Nenhum dado novo retornado pelo yfinance para GOLD.
2025-08-01 00:10:28,871 - gcsBot - DEBUG - Cache CSV para GOLD salvo/atualizado em data/input/macro/GOLD.csv.
2025-08-01 00:10:28,872 - gcsBot - INFO - --- Processando ativo macro: TNX ---
2025-08-01 00:10:28,886 - gcsBot - INFO - Cache local para TNX lido com sucesso. Último registo: 2025-07-31
2025-08-01 00:10:28,887 - gcsBot - INFO - Buscando dados para TNX de 2025-08-01 a 2025-08-01.
2025-08-01 00:10:29,567 - gcsBot - WARNING - Nenhum dado novo retornado pelo yfinance para TNX.
2025-08-01 00:10:29,585 - gcsBot - DEBUG - Cache CSV para TNX salvo/atualizado em data/input/macro/TNX.csv.
2025-08-01 00:10:29,586 - gcsBot - INFO - --- Processando ativo macro: SPX ---
2025-08-01 00:10:29,595 - gcsBot - INFO - Cache local para SPX lido com sucesso. Último registo: 2025-07-31
2025-08-01 00:10:29,596 - gcsBot - INFO - Buscando dados para SPX de 2025-08-01 a 2025-08-01.
2025-08-01 00:10:30,264 - gcsBot - WARNING - Nenhum dado novo retornado pelo yfinance para SPX.
2025-08-01 00:10:30,284 - gcsBot - DEBUG - Cache CSV para SPX salvo/atualizado em data/input/macro/SPX.csv.
2025-08-01 00:10:30,285 - gcsBot - INFO - --- Processando ativo macro: NDX ---
2025-08-01 00:10:30,294 - gcsBot - INFO - Cache local para NDX lido com sucesso. Último registo: 2025-07-31
2025-08-01 00:10:30,295 - gcsBot - INFO - Buscando dados para NDX de 2025-08-01 a 2025-08-01.
2025-08-01 00:10:30,975 - gcsBot - WARNING - Nenhum dado novo retornado pelo yfinance para NDX.
2025-08-01 00:10:31,001 - gcsBot - DEBUG - Cache CSV para NDX salvo/atualizado em data/input/macro/NDX.csv.
2025-08-01 00:10:31,002 - gcsBot - INFO - --- Processando ativo macro: USO ---
2025-08-01 00:10:31,012 - gcsBot - INFO - Cache local para USO lido com sucesso. Último registo: 2025-07-31
2025-08-01 00:10:31,013 - gcsBot - INFO - Buscando dados para USO de 2025-08-01 a 2025-08-01.
2025-08-01 00:10:31,723 - gcsBot - WARNING - Nenhum dado novo retornado pelo yfinance para USO.
2025-08-01 00:10:31,742 - gcsBot - DEBUG - Cache CSV para USO salvo/atualizado em data/input/macro/USO.csv.
2025-08-01 00:10:31,743 - gcsBot - INFO - Combinando todos os dados macro para escrita no banco de dados...
2025-08-01 00:10:31,762 - gcsBot - INFO - Reamostrando 1 registos diários para 1 minuto...
2025-08-01 00:10:31,764 - gcsBot - INFO - Escrevendo 1 registos para 'macro_data_1m' em 1 lotes...
2025-08-01 00:10:31,951 - gcsBot - INFO - ✅ Escrita para 'macro_data_1m' concluída com sucesso.
2025-08-01 00:10:31,952 - gcsBot - INFO - --- ❤️ INICIANDO PIPELINE DE SENTIMENTO (FONTE: ALTERNATIVE.ME) ❤️ ---
2025-08-01 00:10:32,437 - gcsBot - INFO - Escrevendo 1441 registos para 'sentiment_fear_and_greed' em 2 lotes...
2025-08-01 00:10:32,785 - gcsBot - INFO - ✅ Escrita para 'sentiment_fear_and_greed' concluída com sucesso.
2025-08-01 00:10:32,786 - gcsBot - INFO - --- FASE 1: Preparando modelos e dependências ---
2025-08-01 00:10:32,788 - gcsBot - INFO - --- 🔄 FASE 2: INICIANDO PROCESSAMENTO DA TABELA MESTRE EM LOTES MENSAIS 🔄 ---
2025-08-01 00:10:32,792 - gcsBot - INFO - Modelo de SituationalAwareness carregado de: data/models/situational_awareness.joblib
2025-08-01 00:10:32,793 - gcsBot - INFO - Processando lote de 2018-01 (Fetch de 2017-11-27 a 2018-02-01)
2025-08-01 00:10:32,793 - gcsBot - DEBUG - Lendo dados de 'btc_btcusdt_1m' de 2017-11-27T00:00:00+00:00 a 2018-02-01T00:00:00+00:00
2025-08-01 00:10:32,804 - gcsBot - WARNING - Dados de BTC insuficientes ou inexistentes (3 linhas) para o período 2018-01. A saltar lote.
2025-08-01 00:10:32,805 - gcsBot - INFO - Processando lote de 2018-02 (Fetch de 2017-12-28 a 2018-03-01)
2025-08-01 00:10:32,805 - gcsBot - DEBUG - Lendo dados de 'btc_btcusdt_1m' de 2017-12-28T00:00:00+00:00 a 2018-03-01T00:00:00+00:00
2025-08-01 00:10:32,817 - gcsBot - WARNING - Dados de BTC insuficientes ou inexistentes (7 linhas) para o período 2018-02. A saltar lote.
2025-08-01 00:10:32,817 - gcsBot - INFO - Processando lote de 2018-03 (Fetch de 2018-01-25 a 2018-04-01)
2025-08-01 00:10:32,818 - gcsBot - DEBUG - Lendo dados de 'btc_btcusdt_1m' de 2018-01-25T00:00:00+00:00 a 2018-04-01T00:00:00+00:00
2025-08-01 00:10:32,830 - gcsBot - WARNING - Dados de BTC insuficientes ou inexistentes (8 linhas) para o período 2018-03. A saltar lote.
2025-08-01 00:10:32,830 - gcsBot - INFO - Processando lote de 2018-04 (Fetch de 2018-02-25 a 2018-05-01)
2025-08-01 00:10:32,831 - gcsBot - DEBUG - Lendo dados de 'btc_btcusdt_1m' de 2018-02-25T00:00:00+00:00 a 2018-05-01T00:00:00+00:00
2025-08-01 00:10:32,843 - gcsBot - WARNING - Dados de BTC insuficientes ou inexistentes (8 linhas) para o período 2018-04. A saltar lote.
2025-08-01 00:10:32,844 - gcsBot - INFO - Processando lote de 2018-05 (Fetch de 2018-03-27 a 2018-06-01)
2025-08-01 00:10:32,844 - gcsBot - DEBUG - Lendo dados de 'btc_btcusdt_1m' de 2018-03-27T00:00:00+00:00 a 2018-06-01T00:00:00+00:00
2025-08-01 00:10:32,856 - gcsBot - WARNING - Dados de BTC insuficientes ou inexistentes (9 linhas) para o período 2018-05. A saltar lote.
2025-08-01 00:10:32,857 - gcsBot - INFO - Processando lote de 2018-06 (Fetch de 2018-04-27 a 2018-07-01)
2025-08-01 00:10:32,857 - gcsBot - DEBUG - Lendo dados de 'btc_btcusdt_1m' de 2018-04-27T00:00:00+00:00 a 2018-07-01T00:00:00+00:00
2025-08-01 00:10:32,869 - gcsBot - WARNING - Dados de BTC insuficientes ou inexistentes (8 linhas) para o período 2018-06. A saltar lote.
2025-08-01 00:10:32,870 - gcsBot - INFO - Processando lote de 2018-07 (Fetch de 2018-05-27 a 2018-08-01)
2025-08-01 00:10:32,870 - gcsBot - DEBUG - Lendo dados de 'btc_btcusdt_1m' de 2018-05-27T00:00:00+00:00 a 2018-08-01T00:00:00+00:00
2025-08-01 00:10:32,881 - gcsBot - WARNING - Dados de BTC insuficientes ou inexistentes (9 linhas) para o período 2018-07. A saltar lote.
2025-08-01 00:10:32,882 - gcsBot - INFO - Processando lote de 2018-08 (Fetch de 2018-06-27 a 2018-09-01)
2025-08-01 00:10:32,882 - gcsBot - DEBUG - Lendo dados de 'btc_btcusdt_1m' de 2018-06-27T00:00:00+00:00 a 2018-09-01T00:00:00+00:00
2025-08-01 00:10:32,894 - gcsBot - WARNING - Dados de BTC insuficientes ou inexistentes (9 linhas) para o período 2018-08. A saltar lote.
2025-08-01 00:10:32,895 - gcsBot - INFO - Processando lote de 2018-09 (Fetch de 2018-07-28 a 2018-10-01)
2025-08-01 00:10:32,895 - gcsBot - DEBUG - Lendo dados de 'btc_btcusdt_1m' de 2018-07-28T00:00:00+00:00 a 2018-10-01T00:00:00+00:00
2025-08-01 00:10:32,908 - gcsBot - WARNING - Dados de BTC insuficientes ou inexistentes (9 linhas) para o período 2018-09. A saltar lote.
2025-08-01 00:10:32,909 - gcsBot - INFO - Processando lote de 2018-10 (Fetch de 2018-08-27 a 2018-11-01)
2025-08-01 00:10:32,909 - gcsBot - DEBUG - Lendo dados de 'btc_btcusdt_1m' de 2018-08-27T00:00:00+00:00 a 2018-11-01T00:00:00+00:00
2025-08-01 00:10:32,920 - gcsBot - WARNING - Dados de BTC insuficientes ou inexistentes (9 linhas) para o período 2018-10. A saltar lote.
2025-08-01 00:10:32,921 - gcsBot - INFO - Processando lote de 2018-11 (Fetch de 2018-09-27 a 2018-12-01)
2025-08-01 00:10:32,921 - gcsBot - DEBUG - Lendo dados de 'btc_btcusdt_1m' de 2018-09-27T00:00:00+00:00 a 2018-12-01T00:00:00+00:00
2025-08-01 00:10:32,934 - gcsBot - WARNING - Dados de BTC insuficientes ou inexistentes (9 linhas) para o período 2018-11. A saltar lote.
2025-08-01 00:10:32,935 - gcsBot - INFO - Processando lote de 2018-12 (Fetch de 2018-10-27 a 2019-01-01)
2025-08-01 00:10:32,935 - gcsBot - DEBUG - Lendo dados de 'btc_btcusdt_1m' de 2018-10-27T00:00:00+00:00 a 2019-01-01T00:00:00+00:00
2025-08-01 00:10:32,947 - gcsBot - WARNING - Dados de BTC insuficientes ou inexistentes (9 linhas) para o período 2018-12. A saltar lote.
2025-08-01 00:10:32,948 - gcsBot - INFO - Processando lote de 2019-01 (Fetch de 2018-11-27 a 2019-02-01)
2025-08-01 00:10:32,948 - gcsBot - DEBUG - Lendo dados de 'btc_btcusdt_1m' de 2018-11-27T00:00:00+00:00 a 2019-02-01T00:00:00+00:00
2025-08-01 00:10:32,960 - gcsBot - WARNING - Dados de BTC insuficientes ou inexistentes (9 linhas) para o período 2019-01. A saltar lote.
2025-08-01 00:10:32,961 - gcsBot - INFO - Processando lote de 2019-02 (Fetch de 2018-12-28 a 2019-03-01)
2025-08-01 00:10:32,961 - gcsBot - DEBUG - Lendo dados de 'btc_btcusdt_1m' de 2018-12-28T00:00:00+00:00 a 2019-03-01T00:00:00+00:00
2025-08-01 00:10:32,972 - gcsBot - WARNING - Dados de BTC insuficientes ou inexistentes (9 linhas) para o período 2019-02. A saltar lote.
2025-08-01 00:10:32,973 - gcsBot - INFO - Processando lote de 2019-03 (Fetch de 2019-01-25 a 2019-04-01)
2025-08-01 00:10:32,974 - gcsBot - DEBUG - Lendo dados de 'btc_btcusdt_1m' de 2019-01-25T00:00:00+00:00 a 2019-04-01T00:00:00+00:00
2025-08-01 00:10:32,984 - gcsBot - WARNING - Dados de BTC insuficientes ou inexistentes (9 linhas) para o período 2019-03. A saltar lote.
2025-08-01 00:10:32,985 - gcsBot - INFO - Processando lote de 2019-04 (Fetch de 2019-02-25 a 2019-05-01)
2025-08-01 00:10:32,985 - gcsBot - DEBUG - Lendo dados de 'btc_btcusdt_1m' de 2019-02-25T00:00:00+00:00 a 2019-05-01T00:00:00+00:00
2025-08-01 00:10:32,996 - gcsBot - WARNING - Dados de BTC insuficientes ou inexistentes (9 linhas) para o período 2019-04. A saltar lote.
2025-08-01 00:10:32,998 - gcsBot - INFO - Processando lote de 2019-05 (Fetch de 2019-03-27 a 2019-06-01)
2025-08-01 00:10:32,998 - gcsBot - DEBUG - Lendo dados de 'btc_btcusdt_1m' de 2019-03-27T00:00:00+00:00 a 2019-06-01T00:00:00+00:00
2025-08-01 00:10:33,011 - gcsBot - WARNING - Dados de BTC insuficientes ou inexistentes (9 linhas) para o período 2019-05. A saltar lote.
2025-08-01 00:10:33,012 - gcsBot - INFO - Processando lote de 2019-06 (Fetch de 2019-04-27 a 2019-07-01)
2025-08-01 00:10:33,012 - gcsBot - DEBUG - Lendo dados de 'btc_btcusdt_1m' de 2019-04-27T00:00:00+00:00 a 2019-07-01T00:00:00+00:00
2025-08-01 00:10:33,024 - gcsBot - WARNING - Dados de BTC insuficientes ou inexistentes (8 linhas) para o período 2019-06. A saltar lote.
2025-08-01 00:10:33,024 - gcsBot - INFO - Processando lote de 2019-07 (Fetch de 2019-05-27 a 2019-08-01)
2025-08-01 00:10:33,025 - gcsBot - DEBUG - Lendo dados de 'btc_btcusdt_1m' de 2019-05-27T00:00:00+00:00 a 2019-08-01T00:00:00+00:00
2025-08-01 00:10:33,036 - gcsBot - WARNING - Dados de BTC insuficientes ou inexistentes (8 linhas) para o período 2019-07. A saltar lote.
2025-08-01 00:10:33,036 - gcsBot - INFO - Processando lote de 2019-08 (Fetch de 2019-06-27 a 2019-09-01)
2025-08-01 00:10:33,036 - gcsBot - DEBUG - Lendo dados de 'btc_btcusdt_1m' de 2019-06-27T00:00:00+00:00 a 2019-09-01T00:00:00+00:00
2025-08-01 00:10:33,049 - gcsBot - WARNING - Dados de BTC insuficientes ou inexistentes (9 linhas) para o período 2019-08. A saltar lote.
2025-08-01 00:10:33,049 - gcsBot - INFO - Processando lote de 2019-09 (Fetch de 2019-07-28 a 2019-10-01)
2025-08-01 00:10:33,050 - gcsBot - DEBUG - Lendo dados de 'btc_btcusdt_1m' de 2019-07-28T00:00:00+00:00 a 2019-10-01T00:00:00+00:00
2025-08-01 00:10:33,061 - gcsBot - WARNING - Dados de BTC insuficientes ou inexistentes (8 linhas) para o período 2019-09. A saltar lote.
2025-08-01 00:10:33,061 - gcsBot - INFO - Processando lote de 2019-10 (Fetch de 2019-08-27 a 2019-11-01)
2025-08-01 00:10:33,062 - gcsBot - DEBUG - Lendo dados de 'btc_btcusdt_1m' de 2019-08-27T00:00:00+00:00 a 2019-11-01T00:00:00+00:00
2025-08-01 00:10:33,073 - gcsBot - WARNING - Dados de BTC insuficientes ou inexistentes (8 linhas) para o período 2019-10. A saltar lote.
2025-08-01 00:10:33,074 - gcsBot - INFO - Processando lote de 2019-11 (Fetch de 2019-09-27 a 2019-12-01)
2025-08-01 00:10:33,074 - gcsBot - DEBUG - Lendo dados de 'btc_btcusdt_1m' de 2019-09-27T00:00:00+00:00 a 2019-12-01T00:00:00+00:00
2025-08-01 00:10:33,087 - gcsBot - WARNING - Dados de BTC insuficientes ou inexistentes (8 linhas) para o período 2019-11. A saltar lote.
2025-08-01 00:10:33,088 - gcsBot - INFO - Processando lote de 2019-12 (Fetch de 2019-10-27 a 2020-01-01)
2025-08-01 00:10:33,089 - gcsBot - DEBUG - Lendo dados de 'btc_btcusdt_1m' de 2019-10-27T00:00:00+00:00 a 2020-01-01T00:00:00+00:00
2025-08-01 00:10:33,101 - gcsBot - WARNING - Dados de BTC insuficientes ou inexistentes (8 linhas) para o período 2019-12. A saltar lote.
2025-08-01 00:10:33,102 - gcsBot - INFO - Processando lote de 2020-01 (Fetch de 2019-11-27 a 2020-02-01)
2025-08-01 00:10:33,102 - gcsBot - DEBUG - Lendo dados de 'btc_btcusdt_1m' de 2019-11-27T00:00:00+00:00 a 2020-02-01T00:00:00+00:00
2025-08-01 00:10:33,114 - gcsBot - WARNING - Dados de BTC insuficientes ou inexistentes (8 linhas) para o período 2020-01. A saltar lote.
2025-08-01 00:10:33,114 - gcsBot - INFO - Processando lote de 2020-02 (Fetch de 2019-12-28 a 2020-03-01)
2025-08-01 00:10:33,115 - gcsBot - DEBUG - Lendo dados de 'btc_btcusdt_1m' de 2019-12-28T00:00:00+00:00 a 2020-03-01T00:00:00+00:00
2025-08-01 00:10:33,126 - gcsBot - WARNING - Dados de BTC insuficientes ou inexistentes (8 linhas) para o período 2020-02. A saltar lote.
2025-08-01 00:10:33,127 - gcsBot - INFO - Processando lote de 2020-03 (Fetch de 2020-01-26 a 2020-04-01)
2025-08-01 00:10:33,127 - gcsBot - DEBUG - Lendo dados de 'btc_btcusdt_1m' de 2020-01-26T00:00:00+00:00 a 2020-04-01T00:00:00+00:00
2025-08-01 00:10:33,140 - gcsBot - WARNING - Dados de BTC insuficientes ou inexistentes (8 linhas) para o período 2020-03. A saltar lote.
2025-08-01 00:10:33,141 - gcsBot - INFO - Processando lote de 2020-04 (Fetch de 2020-02-26 a 2020-05-01)
2025-08-01 00:10:33,141 - gcsBot - DEBUG - Lendo dados de 'btc_btcusdt_1m' de 2020-02-26T00:00:00+00:00 a 2020-05-01T00:00:00+00:00
2025-08-01 00:10:33,154 - gcsBot - WARNING - Dados de BTC insuficientes ou inexistentes (8 linhas) para o período 2020-04. A saltar lote.
2025-08-01 00:10:33,155 - gcsBot - INFO - Processando lote de 2020-05 (Fetch de 2020-03-27 a 2020-06-01)
2025-08-01 00:10:33,156 - gcsBot - DEBUG - Lendo dados de 'btc_btcusdt_1m' de 2020-03-27T00:00:00+00:00 a 2020-06-01T00:00:00+00:00
2025-08-01 00:10:33,168 - gcsBot - WARNING - Dados de BTC insuficientes ou inexistentes (8 linhas) para o período 2020-05. A saltar lote.
2025-08-01 00:10:33,169 - gcsBot - INFO - Processando lote de 2020-06 (Fetch de 2020-04-27 a 2020-07-01)
2025-08-01 00:10:33,169 - gcsBot - DEBUG - Lendo dados de 'btc_btcusdt_1m' de 2020-04-27T00:00:00+00:00 a 2020-07-01T00:00:00+00:00
2025-08-01 00:10:33,181 - gcsBot - WARNING - Dados de BTC insuficientes ou inexistentes (8 linhas) para o período 2020-06. A saltar lote.
2025-08-01 00:10:33,182 - gcsBot - INFO - Processando lote de 2020-07 (Fetch de 2020-05-27 a 2020-08-01)
2025-08-01 00:10:33,183 - gcsBot - DEBUG - Lendo dados de 'btc_btcusdt_1m' de 2020-05-27T00:00:00+00:00 a 2020-08-01T00:00:00+00:00
2025-08-01 00:10:33,194 - gcsBot - WARNING - Dados de BTC insuficientes ou inexistentes (8 linhas) para o período 2020-07. A saltar lote.
2025-08-01 00:10:33,195 - gcsBot - INFO - Processando lote de 2020-08 (Fetch de 2020-06-27 a 2020-09-01)
2025-08-01 00:10:33,195 - gcsBot - DEBUG - Lendo dados de 'btc_btcusdt_1m' de 2020-06-27T00:00:00+00:00 a 2020-09-01T00:00:00+00:00
2025-08-01 00:10:33,207 - gcsBot - WARNING - Dados de BTC insuficientes ou inexistentes (8 linhas) para o período 2020-08. A saltar lote.
2025-08-01 00:10:33,208 - gcsBot - INFO - Processando lote de 2020-09 (Fetch de 2020-07-28 a 2020-10-01)
2025-08-01 00:10:33,208 - gcsBot - DEBUG - Lendo dados de 'btc_btcusdt_1m' de 2020-07-28T00:00:00+00:00 a 2020-10-01T00:00:00+00:00
2025-08-01 00:10:33,219 - gcsBot - WARNING - Dados de BTC insuficientes ou inexistentes (8 linhas) para o período 2020-09. A saltar lote.
2025-08-01 00:10:33,220 - gcsBot - INFO - Processando lote de 2020-10 (Fetch de 2020-08-27 a 2020-11-01)
2025-08-01 00:10:33,220 - gcsBot - DEBUG - Lendo dados de 'btc_btcusdt_1m' de 2020-08-27T00:00:00+00:00 a 2020-11-01T00:00:00+00:00
2025-08-01 00:10:33,236 - gcsBot - WARNING - Dados de BTC insuficientes ou inexistentes (9 linhas) para o período 2020-10. A saltar lote.
2025-08-01 00:10:33,237 - gcsBot - INFO - Processando lote de 2020-11 (Fetch de 2020-09-27 a 2020-12-01)
2025-08-01 00:10:33,237 - gcsBot - DEBUG - Lendo dados de 'btc_btcusdt_1m' de 2020-09-27T00:00:00+00:00 a 2020-12-01T00:00:00+00:00
2025-08-01 00:10:33,250 - gcsBot - WARNING - Dados de BTC insuficientes ou inexistentes (8 linhas) para o período 2020-11. A saltar lote.
2025-08-01 00:10:33,251 - gcsBot - INFO - Processando lote de 2020-12 (Fetch de 2020-10-27 a 2021-01-01)
2025-08-01 00:10:33,251 - gcsBot - DEBUG - Lendo dados de 'btc_btcusdt_1m' de 2020-10-27T00:00:00+00:00 a 2021-01-01T00:00:00+00:00
2025-08-01 00:10:33,264 - gcsBot - WARNING - Dados de BTC insuficientes ou inexistentes (9 linhas) para o período 2020-12. A saltar lote.
2025-08-01 00:10:33,264 - gcsBot - INFO - Processando lote de 2021-01 (Fetch de 2020-11-27 a 2021-02-01)
2025-08-01 00:10:33,265 - gcsBot - DEBUG - Lendo dados de 'btc_btcusdt_1m' de 2020-11-27T00:00:00+00:00 a 2021-02-01T00:00:00+00:00
2025-08-01 00:10:33,277 - gcsBot - WARNING - Dados de BTC insuficientes ou inexistentes (9 linhas) para o período 2021-01. A saltar lote.
2025-08-01 00:10:33,277 - gcsBot - INFO - Processando lote de 2021-02 (Fetch de 2020-12-28 a 2021-03-01)
2025-08-01 00:10:33,278 - gcsBot - DEBUG - Lendo dados de 'btc_btcusdt_1m' de 2020-12-28T00:00:00+00:00 a 2021-03-01T00:00:00+00:00
2025-08-01 00:10:33,289 - gcsBot - WARNING - Dados de BTC insuficientes ou inexistentes (9 linhas) para o período 2021-02. A saltar lote.
2025-08-01 00:10:33,290 - gcsBot - INFO - Processando lote de 2021-03 (Fetch de 2021-01-25 a 2021-04-01)
2025-08-01 00:10:33,291 - gcsBot - DEBUG - Lendo dados de 'btc_btcusdt_1m' de 2021-01-25T00:00:00+00:00 a 2021-04-01T00:00:00+00:00
2025-08-01 00:10:33,302 - gcsBot - WARNING - Dados de BTC insuficientes ou inexistentes (9 linhas) para o período 2021-03. A saltar lote.
2025-08-01 00:10:33,303 - gcsBot - INFO - Processando lote de 2021-04 (Fetch de 2021-02-25 a 2021-05-01)
2025-08-01 00:10:33,303 - gcsBot - DEBUG - Lendo dados de 'btc_btcusdt_1m' de 2021-02-25T00:00:00+00:00 a 2021-05-01T00:00:00+00:00
2025-08-01 00:10:33,314 - gcsBot - WARNING - Dados de BTC insuficientes ou inexistentes (9 linhas) para o período 2021-04. A saltar lote.
2025-08-01 00:10:33,315 - gcsBot - INFO - Processando lote de 2021-05 (Fetch de 2021-03-27 a 2021-06-01)
2025-08-01 00:10:33,315 - gcsBot - DEBUG - Lendo dados de 'btc_btcusdt_1m' de 2021-03-27T00:00:00+00:00 a 2021-06-01T00:00:00+00:00
2025-08-01 00:10:33,327 - gcsBot - WARNING - Dados de BTC insuficientes ou inexistentes (9 linhas) para o período 2021-05. A saltar lote.
2025-08-01 00:10:33,327 - gcsBot - INFO - Processando lote de 2021-06 (Fetch de 2021-04-27 a 2021-07-01)
2025-08-01 00:10:33,328 - gcsBot - DEBUG - Lendo dados de 'btc_btcusdt_1m' de 2021-04-27T00:00:00+00:00 a 2021-07-01T00:00:00+00:00
2025-08-01 00:10:33,339 - gcsBot - WARNING - Dados de BTC insuficientes ou inexistentes (9 linhas) para o período 2021-06. A saltar lote.
2025-08-01 00:10:33,340 - gcsBot - INFO - Processando lote de 2021-07 (Fetch de 2021-05-27 a 2021-08-01)
2025-08-01 00:10:33,340 - gcsBot - DEBUG - Lendo dados de 'btc_btcusdt_1m' de 2021-05-27T00:00:00+00:00 a 2021-08-01T00:00:00+00:00
2025-08-01 00:10:33,351 - gcsBot - WARNING - Dados de BTC insuficientes ou inexistentes (9 linhas) para o período 2021-07. A saltar lote.
2025-08-01 00:10:33,352 - gcsBot - INFO - Processando lote de 2021-08 (Fetch de 2021-06-27 a 2021-09-01)
2025-08-01 00:10:33,352 - gcsBot - DEBUG - Lendo dados de 'btc_btcusdt_1m' de 2021-06-27T00:00:00+00:00 a 2021-09-01T00:00:00+00:00
2025-08-01 00:10:33,363 - gcsBot - WARNING - Dados de BTC insuficientes ou inexistentes (9 linhas) para o período 2021-08. A saltar lote.
2025-08-01 00:10:33,364 - gcsBot - INFO - Processando lote de 2021-09 (Fetch de 2021-07-28 a 2021-10-01)
2025-08-01 00:10:33,364 - gcsBot - DEBUG - Lendo dados de 'btc_btcusdt_1m' de 2021-07-28T00:00:00+00:00 a 2021-10-01T00:00:00+00:00
2025-08-01 00:10:33,376 - gcsBot - WARNING - Dados de BTC insuficientes ou inexistentes (9 linhas) para o período 2021-09. A saltar lote.
2025-08-01 00:10:33,376 - gcsBot - INFO - Processando lote de 2021-10 (Fetch de 2021-08-27 a 2021-11-01)
2025-08-01 00:10:33,377 - gcsBot - DEBUG - Lendo dados de 'btc_btcusdt_1m' de 2021-08-27T00:00:00+00:00 a 2021-11-01T00:00:00+00:00
2025-08-01 00:10:33,388 - gcsBot - WARNING - Dados de BTC insuficientes ou inexistentes (9 linhas) para o período 2021-10. A saltar lote.
2025-08-01 00:10:33,388 - gcsBot - INFO - Processando lote de 2021-11 (Fetch de 2021-09-27 a 2021-12-01)
2025-08-01 00:10:33,389 - gcsBot - DEBUG - Lendo dados de 'btc_btcusdt_1m' de 2021-09-27T00:00:00+00:00 a 2021-12-01T00:00:00+00:00
2025-08-01 00:10:33,401 - gcsBot - WARNING - Dados de BTC insuficientes ou inexistentes (8 linhas) para o período 2021-11. A saltar lote.
2025-08-01 00:10:33,402 - gcsBot - INFO - Processando lote de 2021-12 (Fetch de 2021-10-27 a 2022-01-01)
2025-08-01 00:10:33,402 - gcsBot - DEBUG - Lendo dados de 'btc_btcusdt_1m' de 2021-10-27T00:00:00+00:00 a 2022-01-01T00:00:00+00:00
2025-08-01 00:10:33,414 - gcsBot - WARNING - Dados de BTC insuficientes ou inexistentes (9 linhas) para o período 2021-12. A saltar lote.
2025-08-01 00:10:33,415 - gcsBot - INFO - Processando lote de 2022-01 (Fetch de 2021-11-27 a 2022-02-01)
2025-08-01 00:10:33,415 - gcsBot - DEBUG - Lendo dados de 'btc_btcusdt_1m' de 2021-11-27T00:00:00+00:00 a 2022-02-01T00:00:00+00:00
2025-08-01 00:10:33,426 - gcsBot - WARNING - Dados de BTC insuficientes ou inexistentes (9 linhas) para o período 2022-01. A saltar lote.
2025-08-01 00:10:33,427 - gcsBot - INFO - Processando lote de 2022-02 (Fetch de 2021-12-28 a 2022-03-01)
2025-08-01 00:10:33,428 - gcsBot - DEBUG - Lendo dados de 'btc_btcusdt_1m' de 2021-12-28T00:00:00+00:00 a 2022-03-01T00:00:00+00:00
2025-08-01 00:10:33,438 - gcsBot - WARNING - Dados de BTC insuficientes ou inexistentes (8 linhas) para o período 2022-02. A saltar lote.
2025-08-01 00:10:33,439 - gcsBot - INFO - Processando lote de 2022-03 (Fetch de 2022-01-25 a 2022-04-01)
2025-08-01 00:10:33,440 - gcsBot - DEBUG - Lendo dados de 'btc_btcusdt_1m' de 2022-01-25T00:00:00+00:00 a 2022-04-01T00:00:00+00:00
2025-08-01 00:10:33,451 - gcsBot - WARNING - Dados de BTC insuficientes ou inexistentes (8 linhas) para o período 2022-03. A saltar lote.
2025-08-01 00:10:33,451 - gcsBot - INFO - Processando lote de 2022-04 (Fetch de 2022-02-25 a 2022-05-01)
2025-08-01 00:10:33,452 - gcsBot - DEBUG - Lendo dados de 'btc_btcusdt_1m' de 2022-02-25T00:00:00+00:00 a 2022-05-01T00:00:00+00:00
2025-08-01 00:10:33,463 - gcsBot - WARNING - Dados de BTC insuficientes ou inexistentes (8 linhas) para o período 2022-04. A saltar lote.
2025-08-01 00:10:33,463 - gcsBot - INFO - Processando lote de 2022-05 (Fetch de 2022-03-27 a 2022-06-01)
2025-08-01 00:10:33,464 - gcsBot - DEBUG - Lendo dados de 'btc_btcusdt_1m' de 2022-03-27T00:00:00+00:00 a 2022-06-01T00:00:00+00:00
2025-08-01 00:10:33,475 - gcsBot - WARNING - Dados de BTC insuficientes ou inexistentes (8 linhas) para o período 2022-05. A saltar lote.
2025-08-01 00:10:33,476 - gcsBot - INFO - Processando lote de 2022-06 (Fetch de 2022-04-27 a 2022-07-01)
2025-08-01 00:10:33,476 - gcsBot - DEBUG - Lendo dados de 'btc_btcusdt_1m' de 2022-04-27T00:00:00+00:00 a 2022-07-01T00:00:00+00:00
2025-08-01 00:10:33,487 - gcsBot - WARNING - Dados de BTC insuficientes ou inexistentes (8 linhas) para o período 2022-06. A saltar lote.
2025-08-01 00:10:33,488 - gcsBot - INFO - Processando lote de 2022-07 (Fetch de 2022-05-27 a 2022-08-01)
2025-08-01 00:10:33,488 - gcsBot - DEBUG - Lendo dados de 'btc_btcusdt_1m' de 2022-05-27T00:00:00+00:00 a 2022-08-01T00:00:00+00:00
2025-08-01 00:10:33,500 - gcsBot - WARNING - Dados de BTC insuficientes ou inexistentes (8 linhas) para o período 2022-07. A saltar lote.
2025-08-01 00:10:33,500 - gcsBot - INFO - Processando lote de 2022-08 (Fetch de 2022-06-27 a 2022-09-01)
2025-08-01 00:10:33,501 - gcsBot - DEBUG - Lendo dados de 'btc_btcusdt_1m' de 2022-06-27T00:00:00+00:00 a 2022-09-01T00:00:00+00:00
2025-08-01 00:10:33,512 - gcsBot - WARNING - Dados de BTC insuficientes ou inexistentes (8 linhas) para o período 2022-08. A saltar lote.
2025-08-01 00:10:33,512 - gcsBot - INFO - Processando lote de 2022-09 (Fetch de 2022-07-28 a 2022-10-01)
2025-08-01 00:10:33,513 - gcsBot - DEBUG - Lendo dados de 'btc_btcusdt_1m' de 2022-07-28T00:00:00+00:00 a 2022-10-01T00:00:00+00:00
2025-08-01 00:10:33,524 - gcsBot - WARNING - Dados de BTC insuficientes ou inexistentes (8 linhas) para o período 2022-09. A saltar lote.
2025-08-01 00:10:33,525 - gcsBot - INFO - Processando lote de 2022-10 (Fetch de 2022-08-27 a 2022-11-01)
2025-08-01 00:10:33,525 - gcsBot - DEBUG - Lendo dados de 'btc_btcusdt_1m' de 2022-08-27T00:00:00+00:00 a 2022-11-01T00:00:00+00:00
2025-08-01 00:10:33,536 - gcsBot - WARNING - Dados de BTC insuficientes ou inexistentes (9 linhas) para o período 2022-10. A saltar lote.
2025-08-01 00:10:33,537 - gcsBot - INFO - Processando lote de 2022-11 (Fetch de 2022-09-27 a 2022-12-01)
2025-08-01 00:10:33,537 - gcsBot - DEBUG - Lendo dados de 'btc_btcusdt_1m' de 2022-09-27T00:00:00+00:00 a 2022-12-01T00:00:00+00:00
2025-08-01 00:10:33,549 - gcsBot - WARNING - Dados de BTC insuficientes ou inexistentes (8 linhas) para o período 2022-11. A saltar lote.
2025-08-01 00:10:33,549 - gcsBot - INFO - Processando lote de 2022-12 (Fetch de 2022-10-27 a 2023-01-01)
2025-08-01 00:10:33,550 - gcsBot - DEBUG - Lendo dados de 'btc_btcusdt_1m' de 2022-10-27T00:00:00+00:00 a 2023-01-01T00:00:00+00:00
2025-08-01 00:10:33,560 - gcsBot - WARNING - Dados de BTC insuficientes ou inexistentes (9 linhas) para o período 2022-12. A saltar lote.
2025-08-01 00:10:33,561 - gcsBot - INFO - Processando lote de 2023-01 (Fetch de 2022-11-27 a 2023-02-01)
2025-08-01 00:10:33,561 - gcsBot - DEBUG - Lendo dados de 'btc_btcusdt_1m' de 2022-11-27T00:00:00+00:00 a 2023-02-01T00:00:00+00:00
2025-08-01 00:10:33,574 - gcsBot - WARNING - Dados de BTC insuficientes ou inexistentes (9 linhas) para o período 2023-01. A saltar lote.
2025-08-01 00:10:33,575 - gcsBot - INFO - Processando lote de 2023-02 (Fetch de 2022-12-28 a 2023-03-01)
2025-08-01 00:10:33,575 - gcsBot - DEBUG - Lendo dados de 'btc_btcusdt_1m' de 2022-12-28T00:00:00+00:00 a 2023-03-01T00:00:00+00:00
2025-08-01 00:10:33,586 - gcsBot - WARNING - Dados de BTC insuficientes ou inexistentes (9 linhas) para o período 2023-02. A saltar lote.
2025-08-01 00:10:33,587 - gcsBot - INFO - Processando lote de 2023-03 (Fetch de 2023-01-25 a 2023-04-01)
2025-08-01 00:10:33,587 - gcsBot - DEBUG - Lendo dados de 'btc_btcusdt_1m' de 2023-01-25T00:00:00+00:00 a 2023-04-01T00:00:00+00:00
2025-08-01 00:10:33,600 - gcsBot - WARNING - Dados de BTC insuficientes ou inexistentes (9 linhas) para o período 2023-03. A saltar lote.
2025-08-01 00:10:33,600 - gcsBot - INFO - Processando lote de 2023-04 (Fetch de 2023-02-25 a 2023-05-01)
2025-08-01 00:10:33,601 - gcsBot - DEBUG - Lendo dados de 'btc_btcusdt_1m' de 2023-02-25T00:00:00+00:00 a 2023-05-01T00:00:00+00:00
2025-08-01 00:10:33,612 - gcsBot - WARNING - Dados de BTC insuficientes ou inexistentes (9 linhas) para o período 2023-04. A saltar lote.
2025-08-01 00:10:33,613 - gcsBot - INFO - Processando lote de 2023-05 (Fetch de 2023-03-27 a 2023-06-01)
2025-08-01 00:10:33,613 - gcsBot - DEBUG - Lendo dados de 'btc_btcusdt_1m' de 2023-03-27T00:00:00+00:00 a 2023-06-01T00:00:00+00:00
2025-08-01 00:10:33,625 - gcsBot - WARNING - Dados de BTC insuficientes ou inexistentes (9 linhas) para o período 2023-05. A saltar lote.
2025-08-01 00:10:33,626 - gcsBot - INFO - Processando lote de 2023-06 (Fetch de 2023-04-27 a 2023-07-01)
2025-08-01 00:10:33,626 - gcsBot - DEBUG - Lendo dados de 'btc_btcusdt_1m' de 2023-04-27T00:00:00+00:00 a 2023-07-01T00:00:00+00:00
2025-08-01 00:10:33,638 - gcsBot - WARNING - Dados de BTC insuficientes ou inexistentes (9 linhas) para o período 2023-06. A saltar lote.
2025-08-01 00:10:33,639 - gcsBot - INFO - Processando lote de 2023-07 (Fetch de 2023-05-27 a 2023-08-01)
2025-08-01 00:10:33,639 - gcsBot - DEBUG - Lendo dados de 'btc_btcusdt_1m' de 2023-05-27T00:00:00+00:00 a 2023-08-01T00:00:00+00:00
2025-08-01 00:10:33,651 - gcsBot - WARNING - Dados de BTC insuficientes ou inexistentes (9 linhas) para o período 2023-07. A saltar lote.
2025-08-01 00:10:33,652 - gcsBot - INFO - Processando lote de 2023-08 (Fetch de 2023-06-27 a 2023-09-01)
2025-08-01 00:10:33,652 - gcsBot - DEBUG - Lendo dados de 'btc_btcusdt_1m' de 2023-06-27T00:00:00+00:00 a 2023-09-01T00:00:00+00:00
2025-08-01 00:10:33,664 - gcsBot - WARNING - Dados de BTC insuficientes ou inexistentes (9 linhas) para o período 2023-08. A saltar lote.
2025-08-01 00:10:33,665 - gcsBot - INFO - Processando lote de 2023-09 (Fetch de 2023-07-28 a 2023-10-01)
2025-08-01 00:10:33,665 - gcsBot - DEBUG - Lendo dados de 'btc_btcusdt_1m' de 2023-07-28T00:00:00+00:00 a 2023-10-01T00:00:00+00:00
2025-08-01 00:10:33,678 - gcsBot - WARNING - Dados de BTC insuficientes ou inexistentes (9 linhas) para o período 2023-09. A saltar lote.
2025-08-01 00:10:33,678 - gcsBot - INFO - Processando lote de 2023-10 (Fetch de 2023-08-27 a 2023-11-01)
2025-08-01 00:10:33,679 - gcsBot - DEBUG - Lendo dados de 'btc_btcusdt_1m' de 2023-08-27T00:00:00+00:00 a 2023-11-01T00:00:00+00:00
2025-08-01 00:10:33,691 - gcsBot - WARNING - Dados de BTC insuficientes ou inexistentes (9 linhas) para o período 2023-10. A saltar lote.
2025-08-01 00:10:33,692 - gcsBot - INFO - Processando lote de 2023-11 (Fetch de 2023-09-27 a 2023-12-01)
2025-08-01 00:10:33,692 - gcsBot - DEBUG - Lendo dados de 'btc_btcusdt_1m' de 2023-09-27T00:00:00+00:00 a 2023-12-01T00:00:00+00:00
2025-08-01 00:10:33,704 - gcsBot - WARNING - Dados de BTC insuficientes ou inexistentes (8 linhas) para o período 2023-11. A saltar lote.
2025-08-01 00:10:33,705 - gcsBot - INFO - Processando lote de 2023-12 (Fetch de 2023-10-27 a 2024-01-01)
2025-08-01 00:10:33,705 - gcsBot - DEBUG - Lendo dados de 'btc_btcusdt_1m' de 2023-10-27T00:00:00+00:00 a 2024-01-01T00:00:00+00:00
2025-08-01 00:10:33,717 - gcsBot - WARNING - Dados de BTC insuficientes ou inexistentes (8 linhas) para o período 2023-12. A saltar lote.
2025-08-01 00:10:33,718 - gcsBot - INFO - Processando lote de 2024-01 (Fetch de 2023-11-27 a 2024-02-01)
2025-08-01 00:10:33,718 - gcsBot - DEBUG - Lendo dados de 'btc_btcusdt_1m' de 2023-11-27T00:00:00+00:00 a 2024-02-01T00:00:00+00:00
2025-08-01 00:10:33,731 - gcsBot - WARNING - Dados de BTC insuficientes ou inexistentes (9 linhas) para o período 2024-01. A saltar lote.
2025-08-01 00:10:33,732 - gcsBot - INFO - Processando lote de 2024-02 (Fetch de 2023-12-28 a 2024-03-01)
2025-08-01 00:10:33,732 - gcsBot - DEBUG - Lendo dados de 'btc_btcusdt_1m' de 2023-12-28T00:00:00+00:00 a 2024-03-01T00:00:00+00:00
2025-08-01 00:10:33,745 - gcsBot - WARNING - Dados de BTC insuficientes ou inexistentes (8 linhas) para o período 2024-02. A saltar lote.
2025-08-01 00:10:33,746 - gcsBot - INFO - Processando lote de 2024-03 (Fetch de 2024-01-26 a 2024-04-01)
2025-08-01 00:10:33,747 - gcsBot - DEBUG - Lendo dados de 'btc_btcusdt_1m' de 2024-01-26T00:00:00+00:00 a 2024-04-01T00:00:00+00:00
2025-08-01 00:10:33,760 - gcsBot - WARNING - Dados de BTC insuficientes ou inexistentes (8 linhas) para o período 2024-03. A saltar lote.
2025-08-01 00:10:33,761 - gcsBot - INFO - Processando lote de 2024-04 (Fetch de 2024-02-26 a 2024-05-01)
2025-08-01 00:10:33,761 - gcsBot - DEBUG - Lendo dados de 'btc_btcusdt_1m' de 2024-02-26T00:00:00+00:00 a 2024-05-01T00:00:00+00:00
2025-08-01 00:10:33,774 - gcsBot - WARNING - Dados de BTC insuficientes ou inexistentes (8 linhas) para o período 2024-04. A saltar lote.
2025-08-01 00:10:33,775 - gcsBot - INFO - Processando lote de 2024-05 (Fetch de 2024-03-27 a 2024-06-01)
2025-08-01 00:10:33,776 - gcsBot - DEBUG - Lendo dados de 'btc_btcusdt_1m' de 2024-03-27T00:00:00+00:00 a 2024-06-01T00:00:00+00:00
2025-08-01 00:10:33,788 - gcsBot - WARNING - Dados de BTC insuficientes ou inexistentes (8 linhas) para o período 2024-05. A saltar lote.
2025-08-01 00:10:33,789 - gcsBot - INFO - Processando lote de 2024-06 (Fetch de 2024-04-27 a 2024-07-01)
2025-08-01 00:10:33,789 - gcsBot - DEBUG - Lendo dados de 'btc_btcusdt_1m' de 2024-04-27T00:00:00+00:00 a 2024-07-01T00:00:00+00:00
2025-08-01 00:10:33,801 - gcsBot - WARNING - Dados de BTC insuficientes ou inexistentes (8 linhas) para o período 2024-06. A saltar lote.
2025-08-01 00:10:33,802 - gcsBot - INFO - Processando lote de 2024-07 (Fetch de 2024-05-27 a 2024-08-01)
2025-08-01 00:10:33,802 - gcsBot - DEBUG - Lendo dados de 'btc_btcusdt_1m' de 2024-05-27T00:00:00+00:00 a 2024-08-01T00:00:00+00:00
2025-08-01 00:10:33,815 - gcsBot - WARNING - Dados de BTC insuficientes ou inexistentes (8 linhas) para o período 2024-07. A saltar lote.
2025-08-01 00:10:33,815 - gcsBot - INFO - Processando lote de 2024-08 (Fetch de 2024-06-27 a 2024-09-01)
2025-08-01 00:10:33,816 - gcsBot - DEBUG - Lendo dados de 'btc_btcusdt_1m' de 2024-06-27T00:00:00+00:00 a 2024-09-01T00:00:00+00:00
2025-08-01 00:10:33,827 - gcsBot - WARNING - Dados de BTC insuficientes ou inexistentes (8 linhas) para o período 2024-08. A saltar lote.
2025-08-01 00:10:33,828 - gcsBot - INFO - Processando lote de 2024-09 (Fetch de 2024-07-28 a 2024-10-01)
2025-08-01 00:10:33,828 - gcsBot - DEBUG - Lendo dados de 'btc_btcusdt_1m' de 2024-07-28T00:00:00+00:00 a 2024-10-01T00:00:00+00:00
2025-08-01 00:10:33,840 - gcsBot - WARNING - Dados de BTC insuficientes ou inexistentes (8 linhas) para o período 2024-09. A saltar lote.
2025-08-01 00:10:33,841 - gcsBot - INFO - Processando lote de 2024-10 (Fetch de 2024-08-27 a 2024-11-01)
2025-08-01 00:10:33,841 - gcsBot - DEBUG - Lendo dados de 'btc_btcusdt_1m' de 2024-08-27T00:00:00+00:00 a 2024-11-01T00:00:00+00:00
2025-08-01 00:10:33,852 - gcsBot - WARNING - Dados de BTC insuficientes ou inexistentes (8 linhas) para o período 2024-10. A saltar lote.
2025-08-01 00:10:33,853 - gcsBot - INFO - Processando lote de 2024-11 (Fetch de 2024-09-27 a 2024-12-01)
2025-08-01 00:10:33,854 - gcsBot - DEBUG - Lendo dados de 'btc_btcusdt_1m' de 2024-09-27T00:00:00+00:00 a 2024-12-01T00:00:00+00:00
2025-08-01 00:10:33,867 - gcsBot - WARNING - Dados de BTC insuficientes ou inexistentes (8 linhas) para o período 2024-11. A saltar lote.
2025-08-01 00:10:33,868 - gcsBot - INFO - Processando lote de 2024-12 (Fetch de 2024-10-27 a 2025-01-01)
2025-08-01 00:10:33,868 - gcsBot - DEBUG - Lendo dados de 'btc_btcusdt_1m' de 2024-10-27T00:00:00+00:00 a 2025-01-01T00:00:00+00:00
2025-08-01 00:10:33,880 - gcsBot - WARNING - Dados de BTC insuficientes ou inexistentes (8 linhas) para o período 2024-12. A saltar lote.
2025-08-01 00:10:33,881 - gcsBot - INFO - Processando lote de 2025-01 (Fetch de 2024-11-27 a 2025-02-01)
2025-08-01 00:10:33,881 - gcsBot - DEBUG - Lendo dados de 'btc_btcusdt_1m' de 2024-11-27T00:00:00+00:00 a 2025-02-01T00:00:00+00:00
2025-08-01 00:10:33,893 - gcsBot - WARNING - Dados de BTC insuficientes ou inexistentes (8 linhas) para o período 2025-01. A saltar lote.
2025-08-01 00:10:33,894 - gcsBot - INFO - Processando lote de 2025-02 (Fetch de 2024-12-28 a 2025-03-01)
2025-08-01 00:10:33,895 - gcsBot - DEBUG - Lendo dados de 'btc_btcusdt_1m' de 2024-12-28T00:00:00+00:00 a 2025-03-01T00:00:00+00:00
2025-08-01 00:10:33,907 - gcsBot - WARNING - Dados de BTC insuficientes ou inexistentes (8 linhas) para o período 2025-02. A saltar lote.
2025-08-01 00:10:33,908 - gcsBot - INFO - Processando lote de 2025-03 (Fetch de 2025-01-25 a 2025-04-01)
2025-08-01 00:10:33,908 - gcsBot - DEBUG - Lendo dados de 'btc_btcusdt_1m' de 2025-01-25T00:00:00+00:00 a 2025-04-01T00:00:00+00:00
2025-08-01 00:10:33,920 - gcsBot - WARNING - Dados de BTC insuficientes ou inexistentes (9 linhas) para o período 2025-03. A saltar lote.
2025-08-01 00:10:33,920 - gcsBot - INFO - Processando lote de 2025-04 (Fetch de 2025-02-25 a 2025-05-01)
2025-08-01 00:10:33,921 - gcsBot - DEBUG - Lendo dados de 'btc_btcusdt_1m' de 2025-02-25T00:00:00+00:00 a 2025-05-01T00:00:00+00:00
2025-08-01 00:10:33,933 - gcsBot - WARNING - Dados de BTC insuficientes ou inexistentes (9 linhas) para o período 2025-04. A saltar lote.
2025-08-01 00:10:33,933 - gcsBot - INFO - Processando lote de 2025-05 (Fetch de 2025-03-27 a 2025-06-01)
2025-08-01 00:10:33,934 - gcsBot - DEBUG - Lendo dados de 'btc_btcusdt_1m' de 2025-03-27T00:00:00+00:00 a 2025-06-01T00:00:00+00:00
2025-08-01 00:10:33,946 - gcsBot - WARNING - Dados de BTC insuficientes ou inexistentes (9 linhas) para o período 2025-05. A saltar lote.
2025-08-01 00:10:33,947 - gcsBot - INFO - Processando lote de 2025-06 (Fetch de 2025-04-27 a 2025-07-01)
2025-08-01 00:10:33,947 - gcsBot - DEBUG - Lendo dados de 'btc_btcusdt_1m' de 2025-04-27T00:00:00+00:00 a 2025-07-01T00:00:00+00:00
2025-08-01 00:10:33,960 - gcsBot - WARNING - Dados de BTC insuficientes ou inexistentes (9 linhas) para o período 2025-06. A saltar lote.
2025-08-01 00:10:33,961 - gcsBot - INFO - Processando lote de 2025-07 (Fetch de 2025-05-27 a 2025-08-01)
2025-08-01 00:10:33,962 - gcsBot - DEBUG - Lendo dados de 'btc_btcusdt_1m' de 2025-05-27T00:00:00+00:00 a 2025-08-01T00:00:00+00:00
2025-08-01 00:10:34,000 - gcsBot - WARNING - Dados de BTC insuficientes ou inexistentes (1776 linhas) para o período 2025-07. A saltar lote.
2025-08-01 00:10:34,001 - gcsBot - INFO - Processando lote de 2025-08 (Fetch de 2025-06-27 a 2025-09-01)
2025-08-01 00:10:34,001 - gcsBot - DEBUG - Lendo dados de 'btc_btcusdt_1m' de 2025-06-27T00:00:00+00:00 a 2025-09-01T00:00:00+00:00
2025-08-01 00:10:34,038 - gcsBot - WARNING - Dados de BTC insuficientes ou inexistentes (1782 linhas) para o período 2025-08. A saltar lote.
2025-08-01 00:10:34,038 - gcsBot - INFO - 🎉🎉🎉 PIPELINE INDUSTRIAL CONCLUÍDO! A FONTE DA VERDADE ESTÁ PRONTA. 🎉🎉🎉
